<?xml version="1.0" encoding="UTF-8"?>
<!-- Generated by org.testng.reporters.JUnitXMLReporter -->
<testsuite ignored="0" hostname="LAPTOP-SMVAE1TN" failures="0" tests="8" name="Surefire test" time="42.507" errors="0" timestamp="2023-01-16T17:46:53 IST">
  <testcase classname="io.cucumber.testng.AbstractTestNGCucumberTests" name="runScenario" time="7.157"/>
  <testcase classname="io.cucumber.testng.AbstractTestNGCucumberTests" name="runScenario" time="4.641"/>
  <testcase classname="io.cucumber.testng.AbstractTestNGCucumberTests" name="runScenario" time="20.925"/>
  <testcase classname="com.spritecloud.testRunner.UserOperationsRun" name="createUser" time="2.277"/>
  <testcase classname="com.spritecloud.testRunner.UserOperationsRun" name="getUser01" time="1.167"/>
  <testcase classname="com.spritecloud.testRunner.UserOperationsRun" name="getUser02" time="1.468"/>
  <testcase classname="com.spritecloud.testRunner.UserOperationsRun" name="updateUser" time="1.21"/>
  <testcase classname="com.spritecloud.testRunner.UserOperationsRun" name="deleteUser" time="2.928"/>
</testsuite> <!-- Surefire test -->
