<?xml version="1.0" encoding="UTF-8"?>
<!-- Generated by org.testng.reporters.JUnitXMLReporter -->
<testsuite ignored="0" hostname="LAPTOP-SMVAE1TN" failures="0" tests="8" name="Test" time="37.269" errors="0" timestamp="2023-01-16T17:48:52 IST">
  <testcase classname="com.spritecloud.testRunner.UserOperationsRun" name="createUser" time="2.527"/>
  <testcase classname="com.spritecloud.testRunner.UserOperationsRun" name="getUser01" time="1.135"/>
  <testcase classname="com.spritecloud.testRunner.UserOperationsRun" name="getUser02" time="1.373"/>
  <testcase classname="com.spritecloud.testRunner.UserOperationsRun" name="updateUser" time="1.102"/>
  <testcase classname="com.spritecloud.testRunner.UserOperationsRun" name="deleteUser" time="2.208"/>
  <testcase classname="io.cucumber.testng.AbstractTestNGCucumberTests" name="runScenario" time="6.572"/>
  <testcase classname="io.cucumber.testng.AbstractTestNGCucumberTests" name="runScenario" time="3.501"/>
  <testcase classname="io.cucumber.testng.AbstractTestNGCucumberTests" name="runScenario" time="18.28"/>
</testsuite> <!-- Test -->
