<?xml version="1.0" encoding="UTF-8"?>
<testsuite xmlns:xsi="http://www.w3.org/2001/XMLSchema-instance" xsi:noNamespaceSchemaLocation="https://maven.apache.org/surefire/maven-surefire-plugin/xsd/surefire-test-report-3.0.xsd" version="3.0" name="TestSuite" time="42.964" tests="8" errors="0" skipped="0" failures="0">
  <properties>
[...]
</properties>
  <testcase name="runScenario[&quot;Verify the Dynamic ID functionality of Application&quot;, &quot;Automating UI Automation Playground&quot;](1)" classname="com.spritecloud.testRunner.TestRun" time="7.159">
    <system-out><![CDATA[[DEBUG] Resolution chrome=109 in cache (valid until 18:46:07 16/01/2023 IST)
[DEBUG] Resolution chrome109=109.0.5414.74 in cache (valid until 18:14:05 16/01/2023 IST)
[INFO] Using chromedriver 109.0.5414.74 (resolved driver for Chrome 109)
[DEBUG] Driver chromedriver 109.0.5414.74 found in cache
[INFO] Exporting webdriver.chrome.driver as C:\Users\Rohit Wadhwa\.cache\selenium\chromedriver\win32\109.0.5414.74\chromedriver.exe
[DEBUG] Using SLF4J as the default logging framework
[DEBUG] -Dio.netty.leakDetection.level: simple
[DEBUG] -Dio.netty.leakDetection.targetRecords: 4
[DEBUG] Loaded default ResourceLeakDetector: io.netty.util.ResourceLeakDetector@5b5dce5c
[DEBUG] -Dio.netty.noUnsafe: false
[DEBUG] Java version: 11
[DEBUG] sun.misc.Unsafe.theUnsafe: available
[DEBUG] sun.misc.Unsafe.copyMemory: available
[DEBUG] sun.misc.Unsafe.storeFence: available
[DEBUG] java.nio.Buffer.address: available
[DEBUG] direct buffer constructor: unavailable: Reflective setAccessible(true) disabled
[DEBUG] java.nio.Bits.unaligned: available, true
[DEBUG] jdk.internal.misc.Unsafe.allocateUninitializedArray(int): unavailable: class io.netty.util.internal.PlatformDependent0$7 cannot access class jdk.internal.misc.Unsafe (in module java.base) because module java.base does not export jdk.internal.misc to unnamed module @28e8dde3
[DEBUG] java.nio.DirectByteBuffer.<init>(long, int): unavailable
[DEBUG] sun.misc.Unsafe: available
[DEBUG] maxDirectMemory: 4114612224 bytes (maybe)
[DEBUG] -Dio.netty.tmpdir: C:\Users\ROHITW~1\AppData\Local\Temp (java.io.tmpdir)
[DEBUG] -Dio.netty.bitMode: 64 (sun.arch.data.model)
[DEBUG] Platform: Windows
[DEBUG] -Dio.netty.maxDirectMemory: -1 bytes
[DEBUG] -Dio.netty.uninitializedArrayAllocationThreshold: -1
[DEBUG] java.nio.ByteBuffer.cleaner(): available
[DEBUG] -Dio.netty.noPreferDirect: false
[DEBUG] org.jctools-core.MpscChunkedArrayQueue: available
[DEBUG] -Dio.netty.threadLocalMap.stringBuilder.initialSize: 1024
[DEBUG] -Dio.netty.threadLocalMap.stringBuilder.maxSize: 4096
[DEBUG] Default protocols (JDK): [TLSv1.3, TLSv1.2, TLSv1.1, TLSv1] 
[DEBUG] Default cipher suites (JDK): [TLS_ECDHE_ECDSA_WITH_AES_256_GCM_SHA384, TLS_ECDHE_ECDSA_WITH_AES_128_GCM_SHA256, TLS_ECDHE_RSA_WITH_AES_128_GCM_SHA256, TLS_ECDHE_RSA_WITH_AES_256_GCM_SHA384, TLS_ECDHE_RSA_WITH_AES_128_CBC_SHA, TLS_ECDHE_RSA_WITH_AES_256_CBC_SHA, TLS_RSA_WITH_AES_128_GCM_SHA256, TLS_RSA_WITH_AES_128_CBC_SHA, TLS_RSA_WITH_AES_256_CBC_SHA, TLS_AES_128_GCM_SHA256, TLS_AES_256_GCM_SHA384]
[DEBUG] -Dio.netty.eventLoopThreads: 24
[DEBUG] -Dio.netty.noKeySetOptimization: false
[DEBUG] -Dio.netty.selectorAutoRebuildThreshold: 512
[DEBUG] -Dio.netty.allocator.numHeapArenas: 24
[DEBUG] -Dio.netty.allocator.numDirectArenas: 24
[DEBUG] -Dio.netty.allocator.pageSize: 8192
[DEBUG] -Dio.netty.allocator.maxOrder: 9
[DEBUG] -Dio.netty.allocator.chunkSize: 4194304
[DEBUG] -Dio.netty.allocator.smallCacheSize: 256
[DEBUG] -Dio.netty.allocator.normalCacheSize: 64
[DEBUG] -Dio.netty.allocator.maxCachedBufferCapacity: 32768
[DEBUG] -Dio.netty.allocator.cacheTrimInterval: 8192
[DEBUG] -Dio.netty.allocator.cacheTrimIntervalMillis: 0
[DEBUG] -Dio.netty.allocator.useCacheForAllThreads: false
[DEBUG] -Dio.netty.allocator.maxCachedByteBuffersPerChunk: 1023
[DEBUG] -Dio.netty.allocator.type: pooled
[DEBUG] -Dio.netty.threadLocalDirectBufferSize: 0
[DEBUG] -Dio.netty.maxThreadLocalCharBufferSize: 16384
[DEBUG] -Dio.netty.processId: 30928 (auto-detected)
[DEBUG] -Djava.net.preferIPv4Stack: false
[DEBUG] -Djava.net.preferIPv6Addresses: false
[DEBUG] Loopback interface: lo (Software Loopback Interface 1, 127.0.0.1)
[DEBUG] Failed to get SOMAXCONN from sysctl and file \proc\sys\net\core\somaxconn. Default: 200
[DEBUG] -Dio.netty.machineId: 90:e8:68:ff:fe:f2:15:6d (auto-detected)
[DEBUG] -Dio.netty.buffer.checkAccessible: true
[DEBUG] -Dio.netty.buffer.checkBounds: true
[DEBUG] Loaded default ResourceLeakDetector: io.netty.util.ResourceLeakDetector@4e7abaff
[DEBUG] Using new Channel '[id: 0x9947cb16, L:/127.0.0.1:50460 - R:localhost/127.0.0.1:56472]' for 'POST' to '/session'
[DEBUG] -Dio.netty.recycler.maxCapacityPerThread: 4096
[DEBUG] -Dio.netty.recycler.ratio: 8
[DEBUG] -Dio.netty.recycler.chunkSize: 32
[DEBUG] -Dio.netty.recycler.blocking: false
[DEBUG] brotli4j not in the classpath; Brotli support will be unavailable.
[DEBUG] 

Request DefaultHttpRequest(decodeResult: success, version: HTTP/1.1)
POST /session HTTP/1.1
User-Agent: selenium/4.2.1 (java windows)
Content-Length: 365
Content-Type: application/json; charset=utf-8
host: localhost:56472
accept: */*

Response DefaultHttpResponse(decodeResult: success, version: HTTP/1.1)
HTTP/1.1 200 OK
Content-Type: application/json; charset=utf-8
cache-control: no-cache
content-length: 794

[DEBUG] Adding key: http://localhost:56472 for channel [id: 0x9947cb16, L:/127.0.0.1:50460 - R:localhost/127.0.0.1:56472]
[DEBUG] Using new Channel '[id: 0x78de0bde, L:/127.0.0.1:50473 - R:localhost/127.0.0.1:50461]' for 'GET' to '/json/version'
[DEBUG] 

Request DefaultFullHttpRequest(decodeResult: success, version: HTTP/1.1, content: EmptyByteBufBE)
GET /json/version HTTP/1.1
User-Agent: selenium/4.2.1 (java windows)
host: localhost:50461
accept: */*

Response DefaultHttpResponse(decodeResult: success, version: HTTP/1.1)
HTTP/1.1 200 OK
Content-Type: application/json; charset=UTF-8
content-length: 422

[DEBUG] Adding key: http://localhost:50461 for channel [id: 0x78de0bde, L:/127.0.0.1:50473 - R:localhost/127.0.0.1:50461]
[DEBUG] -Dio.netty.initialSeedUniquifier: 0x378c065a65651029
[DEBUG] Using new Channel '[id: 0x8ad635f9, L:/127.0.0.1:50474 - R:localhost/127.0.0.1:50461]' for 'GET' to '/devtools/browser/2bc3fb6e-eef4-416a-b149-0cf9ee44c553'
[DEBUG] 

Request DefaultFullHttpRequest(decodeResult: success, version: HTTP/1.1, content: EmptyByteBufBE)
GET /devtools/browser/2bc3fb6e-eef4-416a-b149-0cf9ee44c553 HTTP/1.1
upgrade: websocket
connection: upgrade
sec-websocket-key: VgMVh05wN+9Nm6YL9qP1nw==
sec-websocket-version: 13
origin: http://localhost:50461
host: localhost:50461
accept: */*
user-agent: AHC/2.1

Response DefaultHttpResponse(decodeResult: success, version: HTTP/1.1)
HTTP/1.1 101 WebSocket Protocol Handshake
Upgrade: WebSocket
Connection: Upgrade
Sec-WebSocket-Accept: xhzToGPSwtRi18Y0JqnoctJScJ4=

[DEBUG] Entry count for : http://localhost:56472 : 1
[DEBUG] Entry count for : http://localhost:50461 : 1
[DEBUG] Using pooled Channel '[id: 0x9947cb16, L:/127.0.0.1:50460 - R:localhost/127.0.0.1:56472]' for 'DELETE' to 'http://localhost:56472/session/81532155fc8780c0352302e11f631cad/cookie'
[DEBUG] Using open Channel [id: 0x9947cb16, L:/127.0.0.1:50460 - R:localhost/127.0.0.1:56472] for DELETE '/session/81532155fc8780c0352302e11f631cad/cookie'
[DEBUG] 

Request DefaultFullHttpRequest(decodeResult: success, version: HTTP/1.1, content: EmptyByteBufBE)
DELETE /session/81532155fc8780c0352302e11f631cad/cookie HTTP/1.1
User-Agent: selenium/4.2.1 (java windows)
Content-Type: application/json; charset=utf-8
host: localhost:56472
accept: */*

Response DefaultHttpResponse(decodeResult: success, version: HTTP/1.1)
HTTP/1.1 200 OK
Content-Type: application/json; charset=utf-8
cache-control: no-cache
content-length: 14

[DEBUG] Adding key: http://localhost:56472 for channel [id: 0x9947cb16, L:/127.0.0.1:50460 - R:localhost/127.0.0.1:56472]
[DEBUG] Using pooled Channel '[id: 0x9947cb16, L:/127.0.0.1:50460 - R:localhost/127.0.0.1:56472]' for 'POST' to 'http://localhost:56472/session/81532155fc8780c0352302e11f631cad/window/maximize'
[DEBUG] Using open Channel [id: 0x9947cb16, L:/127.0.0.1:50460 - R:localhost/127.0.0.1:56472] for POST '/session/81532155fc8780c0352302e11f631cad/window/maximize'
[DEBUG] 

Request DefaultHttpRequest(decodeResult: success, version: HTTP/1.1)
POST /session/81532155fc8780c0352302e11f631cad/window/maximize HTTP/1.1
User-Agent: selenium/4.2.1 (java windows)
Content-Length: 3
Content-Type: application/json; charset=utf-8
host: localhost:56472
accept: */*

Response DefaultHttpResponse(decodeResult: success, version: HTTP/1.1)
HTTP/1.1 200 OK
Content-Type: application/json; charset=utf-8
cache-control: no-cache
content-length: 51

[DEBUG] Adding key: http://localhost:56472 for channel [id: 0x9947cb16, L:/127.0.0.1:50460 - R:localhost/127.0.0.1:56472]
[FATAL] 2023-01-16 17:46:15.221 [main] Stepdefs - Setup executed...
[INFO ] 2023-01-16 17:46:15.228 [main] Stepdefs - The Type of Automation is web
[DEBUG] Using pooled Channel '[id: 0x9947cb16, L:/127.0.0.1:50460 - R:localhost/127.0.0.1:56472]' for 'POST' to 'http://localhost:56472/session/81532155fc8780c0352302e11f631cad/url'
[DEBUG] Using open Channel [id: 0x9947cb16, L:/127.0.0.1:50460 - R:localhost/127.0.0.1:56472] for POST '/session/81532155fc8780c0352302e11f631cad/url'
[DEBUG] Entry count for : http://localhost:50461 : 1
[DEBUG] Entry count for : http://localhost:50461 : 1
[DEBUG] 

Request DefaultHttpRequest(decodeResult: success, version: HTTP/1.1)
POST /session/81532155fc8780c0352302e11f631cad/url HTTP/1.1
User-Agent: selenium/4.2.1 (java windows)
Content-Length: 65
Content-Type: application/json; charset=utf-8
host: localhost:56472
accept: */*

Response DefaultHttpResponse(decodeResult: success, version: HTTP/1.1)
HTTP/1.1 200 OK
Content-Type: application/json; charset=utf-8
cache-control: no-cache
content-length: 14

[DEBUG] Adding key: http://localhost:56472 for channel [id: 0x9947cb16, L:/127.0.0.1:50460 - R:localhost/127.0.0.1:56472]
[INFO ] 2023-01-16 17:46:17.639 [main] Stepdefs - Navigated to web url
[DEBUG] Using pooled Channel '[id: 0x9947cb16, L:/127.0.0.1:50460 - R:localhost/127.0.0.1:56472]' for 'GET' to 'http://localhost:56472/session/81532155fc8780c0352302e11f631cad/title'
[DEBUG] Using open Channel [id: 0x9947cb16, L:/127.0.0.1:50460 - R:localhost/127.0.0.1:56472] for GET '/session/81532155fc8780c0352302e11f631cad/title'
[DEBUG] 

Request DefaultFullHttpRequest(decodeResult: success, version: HTTP/1.1, content: EmptyByteBufBE)
GET /session/81532155fc8780c0352302e11f631cad/title HTTP/1.1
User-Agent: selenium/4.2.1 (java windows)
Cache-Control: no-cache
Content-Type: application/json; charset=utf-8
host: localhost:56472
accept: */*

Response DefaultHttpResponse(decodeResult: success, version: HTTP/1.1)
HTTP/1.1 200 OK
Content-Type: application/json; charset=utf-8
cache-control: no-cache
content-length: 41

[DEBUG] Adding key: http://localhost:56472 for channel [id: 0x9947cb16, L:/127.0.0.1:50460 - R:localhost/127.0.0.1:56472]
[INFO ] 2023-01-16 17:46:17.650 [main] Stepdefs - Test passed: Login feature :Page title matched.
[DEBUG] Using pooled Channel '[id: 0x9947cb16, L:/127.0.0.1:50460 - R:localhost/127.0.0.1:56472]' for 'POST' to 'http://localhost:56472/session/81532155fc8780c0352302e11f631cad/element'
[DEBUG] Using open Channel [id: 0x9947cb16, L:/127.0.0.1:50460 - R:localhost/127.0.0.1:56472] for POST '/session/81532155fc8780c0352302e11f631cad/element'
[DEBUG] 

Request DefaultHttpRequest(decodeResult: success, version: HTTP/1.1)
POST /session/81532155fc8780c0352302e11f631cad/element HTTP/1.1
User-Agent: selenium/4.2.1 (java windows)
Content-Length: 71
Content-Type: application/json; charset=utf-8
host: localhost:56472
accept: */*

Response DefaultHttpResponse(decodeResult: success, version: HTTP/1.1)
HTTP/1.1 200 OK
Content-Type: application/json; charset=utf-8
cache-control: no-cache
content-length: 88

[DEBUG] Adding key: http://localhost:56472 for channel [id: 0x9947cb16, L:/127.0.0.1:50460 - R:localhost/127.0.0.1:56472]
[DEBUG] Using pooled Channel '[id: 0x9947cb16, L:/127.0.0.1:50460 - R:localhost/127.0.0.1:56472]' for 'POST' to 'http://localhost:56472/session/81532155fc8780c0352302e11f631cad/execute/sync'
[DEBUG] Using open Channel [id: 0x9947cb16, L:/127.0.0.1:50460 - R:localhost/127.0.0.1:56472] for POST '/session/81532155fc8780c0352302e11f631cad/execute/sync'
[DEBUG] 

Request DefaultHttpRequest(decodeResult: success, version: HTTP/1.1)
POST /session/81532155fc8780c0352302e11f631cad/execute/sync HTTP/1.1
User-Agent: selenium/4.2.1 (java windows)
Content-Length: 269
Content-Type: application/json; charset=utf-8
host: localhost:56472
accept: */*

Response DefaultHttpResponse(decodeResult: success, version: HTTP/1.1)
HTTP/1.1 200 OK
Content-Type: application/json; charset=utf-8
cache-control: no-cache
content-length: 14

[DEBUG] Adding key: http://localhost:56472 for channel [id: 0x9947cb16, L:/127.0.0.1:50460 - R:localhost/127.0.0.1:56472]
[DEBUG] Using pooled Channel '[id: 0x9947cb16, L:/127.0.0.1:50460 - R:localhost/127.0.0.1:56472]' for 'POST' to 'http://localhost:56472/session/81532155fc8780c0352302e11f631cad/element'
[DEBUG] Using open Channel [id: 0x9947cb16, L:/127.0.0.1:50460 - R:localhost/127.0.0.1:56472] for POST '/session/81532155fc8780c0352302e11f631cad/element'
[DEBUG] 

Request DefaultHttpRequest(decodeResult: success, version: HTTP/1.1)
POST /session/81532155fc8780c0352302e11f631cad/element HTTP/1.1
User-Agent: selenium/4.2.1 (java windows)
Content-Length: 71
Content-Type: application/json; charset=utf-8
host: localhost:56472
accept: */*

Response DefaultHttpResponse(decodeResult: success, version: HTTP/1.1)
HTTP/1.1 200 OK
Content-Type: application/json; charset=utf-8
cache-control: no-cache
content-length: 88

[DEBUG] Adding key: http://localhost:56472 for channel [id: 0x9947cb16, L:/127.0.0.1:50460 - R:localhost/127.0.0.1:56472]
[DEBUG] Using pooled Channel '[id: 0x9947cb16, L:/127.0.0.1:50460 - R:localhost/127.0.0.1:56472]' for 'POST' to 'http://localhost:56472/session/81532155fc8780c0352302e11f631cad/element/c34fe6eb-b872-42d0-94a1-443f33a92666/click'
[DEBUG] Using open Channel [id: 0x9947cb16, L:/127.0.0.1:50460 - R:localhost/127.0.0.1:56472] for POST '/session/81532155fc8780c0352302e11f631cad/element/c34fe6eb-b872-42d0-94a1-443f33a92666/click'
[DEBUG] 

Request DefaultHttpRequest(decodeResult: success, version: HTTP/1.1)
POST /session/81532155fc8780c0352302e11f631cad/element/c34fe6eb-b872-42d0-94a1-443f33a92666/click HTTP/1.1
User-Agent: selenium/4.2.1 (java windows)
Content-Length: 50
Content-Type: application/json; charset=utf-8
host: localhost:56472
accept: */*

Response DefaultHttpResponse(decodeResult: success, version: HTTP/1.1)
HTTP/1.1 200 OK
Content-Type: application/json; charset=utf-8
cache-control: no-cache
content-length: 14

[DEBUG] Adding key: http://localhost:56472 for channel [id: 0x9947cb16, L:/127.0.0.1:50460 - R:localhost/127.0.0.1:56472]
[INFO ] 2023-01-16 17:46:18.177 [main] Stepdefs - Navigated to dynamic id page
[DEBUG] Using pooled Channel '[id: 0x9947cb16, L:/127.0.0.1:50460 - R:localhost/127.0.0.1:56472]' for 'GET' to 'http://localhost:56472/session/81532155fc8780c0352302e11f631cad/title'
[DEBUG] Using open Channel [id: 0x9947cb16, L:/127.0.0.1:50460 - R:localhost/127.0.0.1:56472] for GET '/session/81532155fc8780c0352302e11f631cad/title'
[DEBUG] 

Request DefaultFullHttpRequest(decodeResult: success, version: HTTP/1.1, content: EmptyByteBufBE)
GET /session/81532155fc8780c0352302e11f631cad/title HTTP/1.1
User-Agent: selenium/4.2.1 (java windows)
Cache-Control: no-cache
Content-Type: application/json; charset=utf-8
host: localhost:56472
accept: */*

Response DefaultHttpResponse(decodeResult: success, version: HTTP/1.1)
HTTP/1.1 200 OK
Content-Type: application/json; charset=utf-8
cache-control: no-cache
content-length: 22

[DEBUG] Adding key: http://localhost:56472 for channel [id: 0x9947cb16, L:/127.0.0.1:50460 - R:localhost/127.0.0.1:56472]
[INFO ] 2023-01-16 17:46:18.184 [main] Stepdefs - Test passed: Login feature :Page title matched.
[DEBUG] Using pooled Channel '[id: 0x9947cb16, L:/127.0.0.1:50460 - R:localhost/127.0.0.1:56472]' for 'POST' to 'http://localhost:56472/session/81532155fc8780c0352302e11f631cad/timeouts'
[DEBUG] Using open Channel [id: 0x9947cb16, L:/127.0.0.1:50460 - R:localhost/127.0.0.1:56472] for POST '/session/81532155fc8780c0352302e11f631cad/timeouts'
[DEBUG] 

Request DefaultHttpRequest(decodeResult: success, version: HTTP/1.1)
POST /session/81532155fc8780c0352302e11f631cad/timeouts HTTP/1.1
User-Agent: selenium/4.2.1 (java windows)
Content-Length: 22
Content-Type: application/json; charset=utf-8
host: localhost:56472
accept: */*

Response DefaultHttpResponse(decodeResult: success, version: HTTP/1.1)
HTTP/1.1 200 OK
Content-Type: application/json; charset=utf-8
cache-control: no-cache
content-length: 14

[DEBUG] Adding key: http://localhost:56472 for channel [id: 0x9947cb16, L:/127.0.0.1:50460 - R:localhost/127.0.0.1:56472]
[DEBUG] Using pooled Channel '[id: 0x9947cb16, L:/127.0.0.1:50460 - R:localhost/127.0.0.1:56472]' for 'POST' to 'http://localhost:56472/session/81532155fc8780c0352302e11f631cad/element'
[DEBUG] Using open Channel [id: 0x9947cb16, L:/127.0.0.1:50460 - R:localhost/127.0.0.1:56472] for POST '/session/81532155fc8780c0352302e11f631cad/element'
[DEBUG] 

Request DefaultHttpRequest(decodeResult: success, version: HTTP/1.1)
POST /session/81532155fc8780c0352302e11f631cad/element HTTP/1.1
User-Agent: selenium/4.2.1 (java windows)
Content-Length: 109
Content-Type: application/json; charset=utf-8
host: localhost:56472
accept: */*

Response DefaultHttpResponse(decodeResult: success, version: HTTP/1.1)
HTTP/1.1 200 OK
Content-Type: application/json; charset=utf-8
cache-control: no-cache
content-length: 88

[DEBUG] Adding key: http://localhost:56472 for channel [id: 0x9947cb16, L:/127.0.0.1:50460 - R:localhost/127.0.0.1:56472]
[DEBUG] Using pooled Channel '[id: 0x9947cb16, L:/127.0.0.1:50460 - R:localhost/127.0.0.1:56472]' for 'POST' to 'http://localhost:56472/session/81532155fc8780c0352302e11f631cad/execute/sync'
[DEBUG] Using open Channel [id: 0x9947cb16, L:/127.0.0.1:50460 - R:localhost/127.0.0.1:56472] for POST '/session/81532155fc8780c0352302e11f631cad/execute/sync'
[DEBUG] 

Request DefaultHttpRequest(decodeResult: success, version: HTTP/1.1)
POST /session/81532155fc8780c0352302e11f631cad/execute/sync HTTP/1.1
User-Agent: selenium/4.2.1 (java windows)
Content-Length: 48780
Content-Type: application/json; charset=utf-8
host: localhost:56472
accept: */*

Response DefaultHttpResponse(decodeResult: success, version: HTTP/1.1)
HTTP/1.1 200 OK
Content-Type: application/json; charset=utf-8
cache-control: no-cache
content-length: 14

[DEBUG] Adding key: http://localhost:56472 for channel [id: 0x9947cb16, L:/127.0.0.1:50460 - R:localhost/127.0.0.1:56472]
[INFO ] 2023-01-16 17:46:18.221 [main] Stepdefs - Dynamic ID element is present
[DEBUG] Using pooled Channel '[id: 0x9947cb16, L:/127.0.0.1:50460 - R:localhost/127.0.0.1:56472]' for 'POST' to 'http://localhost:56472/session/81532155fc8780c0352302e11f631cad/element'
[DEBUG] Using open Channel [id: 0x9947cb16, L:/127.0.0.1:50460 - R:localhost/127.0.0.1:56472] for POST '/session/81532155fc8780c0352302e11f631cad/element'
[DEBUG] 

Request DefaultHttpRequest(decodeResult: success, version: HTTP/1.1)
POST /session/81532155fc8780c0352302e11f631cad/element HTTP/1.1
User-Agent: selenium/4.2.1 (java windows)
Content-Length: 109
Content-Type: application/json; charset=utf-8
host: localhost:56472
accept: */*

Response DefaultHttpResponse(decodeResult: success, version: HTTP/1.1)
HTTP/1.1 200 OK
Content-Type: application/json; charset=utf-8
cache-control: no-cache
content-length: 88

[DEBUG] Adding key: http://localhost:56472 for channel [id: 0x9947cb16, L:/127.0.0.1:50460 - R:localhost/127.0.0.1:56472]
[DEBUG] Using pooled Channel '[id: 0x9947cb16, L:/127.0.0.1:50460 - R:localhost/127.0.0.1:56472]' for 'POST' to 'http://localhost:56472/session/81532155fc8780c0352302e11f631cad/execute/sync'
[DEBUG] Using open Channel [id: 0x9947cb16, L:/127.0.0.1:50460 - R:localhost/127.0.0.1:56472] for POST '/session/81532155fc8780c0352302e11f631cad/execute/sync'
[DEBUG] 

Request DefaultHttpRequest(decodeResult: success, version: HTTP/1.1)
POST /session/81532155fc8780c0352302e11f631cad/execute/sync HTTP/1.1
User-Agent: selenium/4.2.1 (java windows)
Content-Length: 269
Content-Type: application/json; charset=utf-8
host: localhost:56472
accept: */*

Response DefaultHttpResponse(decodeResult: success, version: HTTP/1.1)
HTTP/1.1 200 OK
Content-Type: application/json; charset=utf-8
cache-control: no-cache
content-length: 14

[DEBUG] Adding key: http://localhost:56472 for channel [id: 0x9947cb16, L:/127.0.0.1:50460 - R:localhost/127.0.0.1:56472]
[DEBUG] Using pooled Channel '[id: 0x9947cb16, L:/127.0.0.1:50460 - R:localhost/127.0.0.1:56472]' for 'POST' to 'http://localhost:56472/session/81532155fc8780c0352302e11f631cad/element'
[DEBUG] Using open Channel [id: 0x9947cb16, L:/127.0.0.1:50460 - R:localhost/127.0.0.1:56472] for POST '/session/81532155fc8780c0352302e11f631cad/element'
[DEBUG] 

Request DefaultHttpRequest(decodeResult: success, version: HTTP/1.1)
POST /session/81532155fc8780c0352302e11f631cad/element HTTP/1.1
User-Agent: selenium/4.2.1 (java windows)
Content-Length: 109
Content-Type: application/json; charset=utf-8
host: localhost:56472
accept: */*

Response DefaultHttpResponse(decodeResult: success, version: HTTP/1.1)
HTTP/1.1 200 OK
Content-Type: application/json; charset=utf-8
cache-control: no-cache
content-length: 88

[DEBUG] Adding key: http://localhost:56472 for channel [id: 0x9947cb16, L:/127.0.0.1:50460 - R:localhost/127.0.0.1:56472]
[DEBUG] Using pooled Channel '[id: 0x9947cb16, L:/127.0.0.1:50460 - R:localhost/127.0.0.1:56472]' for 'POST' to 'http://localhost:56472/session/81532155fc8780c0352302e11f631cad/element/36f0de54-1277-4a47-8c4b-8811397aed67/click'
[DEBUG] Using open Channel [id: 0x9947cb16, L:/127.0.0.1:50460 - R:localhost/127.0.0.1:56472] for POST '/session/81532155fc8780c0352302e11f631cad/element/36f0de54-1277-4a47-8c4b-8811397aed67/click'
[DEBUG] 

Request DefaultHttpRequest(decodeResult: success, version: HTTP/1.1)
POST /session/81532155fc8780c0352302e11f631cad/element/36f0de54-1277-4a47-8c4b-8811397aed67/click HTTP/1.1
User-Agent: selenium/4.2.1 (java windows)
Content-Length: 50
Content-Type: application/json; charset=utf-8
host: localhost:56472
accept: */*

Response DefaultHttpResponse(decodeResult: success, version: HTTP/1.1)
HTTP/1.1 200 OK
Content-Type: application/json; charset=utf-8
cache-control: no-cache
content-length: 14

[DEBUG] Adding key: http://localhost:56472 for channel [id: 0x9947cb16, L:/127.0.0.1:50460 - R:localhost/127.0.0.1:56472]
[DEBUG] Using pooled Channel '[id: 0x9947cb16, L:/127.0.0.1:50460 - R:localhost/127.0.0.1:56472]' for 'DELETE' to 'http://localhost:56472/session/81532155fc8780c0352302e11f631cad'
[DEBUG] Using open Channel [id: 0x9947cb16, L:/127.0.0.1:50460 - R:localhost/127.0.0.1:56472] for DELETE '/session/81532155fc8780c0352302e11f631cad'
[DEBUG] Channel Closed: [id: 0x8ad635f9, L:/127.0.0.1:50474 ! R:localhost/127.0.0.1:50461] with attribute NettyResponseFuture{currentRetry=0,
	isDone=1,
	isCancelled=0,
	asyncHandler=org.asynchttpclient.ws.WebSocketUpgradeHandler@280c6f19,
	nettyRequest=org.asynchttpclient.netty.request.NettyRequest@3b6ebce3,
	future=java.util.concurrent.CompletableFuture@4c4b2c43[Completed normally],
	uri=ws://localhost:50461/devtools/browser/2bc3fb6e-eef4-416a-b149-0cf9ee44c553,
	keepAlive=true,
	redirectCount=0,
	timeoutsHolder=null,
	inAuth=0,
	touch=1673871375025}
[DEBUG] Closing Channel [id: 0x8ad635f9, L:/127.0.0.1:50474 ! R:localhost/127.0.0.1:50461] 
[DEBUG] Unexpected I/O exception on channel [id: 0x78de0bde, L:/127.0.0.1:50473 - R:localhost/127.0.0.1:50461]
java.io.IOException: An existing connection was forcibly closed by the remote host
	at java.base/sun.nio.ch.SocketDispatcher.read0(Native Method) ~[na:na]
	at java.base/sun.nio.ch.SocketDispatcher.read(SocketDispatcher.java:43) ~[na:na]
	at java.base/sun.nio.ch.IOUtil.readIntoNativeBuffer(IOUtil.java:276) ~[na:na]
	at java.base/sun.nio.ch.IOUtil.read(IOUtil.java:233) ~[na:na]
	at java.base/sun.nio.ch.IOUtil.read(IOUtil.java:223) ~[na:na]
	at java.base/sun.nio.ch.SocketChannelImpl.read(SocketChannelImpl.java:358) ~[na:na]
	at io.netty.buffer.PooledByteBuf.setBytes(PooledByteBuf.java:258) ~[netty-buffer-4.1.77.Final.jar:4.1.77.Final]
	at io.netty.buffer.AbstractByteBuf.writeBytes(AbstractByteBuf.java:1132) ~[netty-buffer-4.1.77.Final.jar:4.1.77.Final]
	at io.netty.channel.socket.nio.NioSocketChannel.doReadBytes(NioSocketChannel.java:357) ~[netty-transport-4.1.77.Final.jar:4.1.77.Final]
	at io.netty.channel.nio.AbstractNioByteChannel$NioByteUnsafe.read(AbstractNioByteChannel.java:151) ~[netty-transport-4.1.77.Final.jar:4.1.77.Final]
	at io.netty.channel.nio.NioEventLoop.processSelectedKey(NioEventLoop.java:722) ~[netty-transport-4.1.77.Final.jar:4.1.77.Final]
	at io.netty.channel.nio.NioEventLoop.processSelectedKeysOptimized(NioEventLoop.java:658) ~[netty-transport-4.1.77.Final.jar:4.1.77.Final]
	at io.netty.channel.nio.NioEventLoop.processSelectedKeys(NioEventLoop.java:584) ~[netty-transport-4.1.77.Final.jar:4.1.77.Final]
	at io.netty.channel.nio.NioEventLoop.run(NioEventLoop.java:496) ~[netty-transport-4.1.77.Final.jar:4.1.77.Final]
	at io.netty.util.concurrent.SingleThreadEventExecutor$4.run(SingleThreadEventExecutor.java:995) ~[netty-common-4.1.77.Final.jar:4.1.77.Final]
	at io.netty.util.internal.ThreadExecutorMap$2.run(ThreadExecutorMap.java:74) ~[netty-common-4.1.77.Final.jar:4.1.77.Final]
	at io.netty.util.concurrent.FastThreadLocalRunnable.run(FastThreadLocalRunnable.java:30) ~[netty-common-4.1.77.Final.jar:4.1.77.Final]
	at java.base/java.lang.Thread.run(Thread.java:834) ~[na:na]
[DEBUG] Closing Channel [id: 0x78de0bde, L:/127.0.0.1:50473 - R:localhost/127.0.0.1:50461] 
[DEBUG] Channel Closed: [id: 0x78de0bde, L:/127.0.0.1:50473 ! R:localhost/127.0.0.1:50461] with attribute DISCARD
[DEBUG] 

Request DefaultFullHttpRequest(decodeResult: success, version: HTTP/1.1, content: EmptyByteBufBE)
DELETE /session/81532155fc8780c0352302e11f631cad HTTP/1.1
User-Agent: selenium/4.2.1 (java windows)
Content-Type: application/json; charset=utf-8
host: localhost:56472
accept: */*

Response DefaultHttpResponse(decodeResult: success, version: HTTP/1.1)
HTTP/1.1 200 OK
Content-Type: application/json; charset=utf-8
cache-control: no-cache
content-length: 14

[DEBUG] Adding key: http://localhost:56472 for channel [id: 0x9947cb16, L:/127.0.0.1:50460 - R:localhost/127.0.0.1:56472]
[DEBUG] Entry count for : http://localhost:56472 : 1
[DEBUG] Entry count for : http://localhost:50461 : 1
[DEBUG] Adding Candidate expired Channel [id: 0x78de0bde, L:/127.0.0.1:50473 ! R:localhost/127.0.0.1:50461] isIdleTimeoutExpired=false isRemotelyClosed=true isTtlExpired=false
[DEBUG] Closing Idle Channel [id: 0x78de0bde, L:/127.0.0.1:50473 ! R:localhost/127.0.0.1:50461]
[DEBUG] Closed 1 connections out of 2 in 0 ms
[DEBUG] Channel Closed: [id: 0x9947cb16, L:/127.0.0.1:50460 ! R:localhost/127.0.0.1:56472] with attribute DISCARD
Tear Down method executed..
]]></system-out>
    <system-err><![CDATA[Starting ChromeDriver 109.0.5414.74 (e7c5703604daa9cc128ccf5a5d3e993513758913-refs/branch-heads/5414@{#1172}) on port 56472
Only local connections are allowed.
Please see https://chromedriver.chromium.org/security-considerations for suggestions on keeping ChromeDriver safe.
ChromeDriver was started successfully.
Jan 16, 2023 5:46:14 PM org.openqa.selenium.remote.ProtocolHandshake createSession
INFO: Detected upstream dialect: W3C
Jan 16, 2023 5:46:15 PM org.openqa.selenium.devtools.CdpVersionFinder findNearestMatch
WARNING: Unable to find an exact match for CDP version 109, so returning the closest version found: a no-op implementation
Jan 16, 2023 5:46:15 PM org.openqa.selenium.devtools.CdpVersionFinder findNearestMatch
INFO: Unable to find CDP implementation matching 109.
Jan 16, 2023 5:46:15 PM org.openqa.selenium.chromium.ChromiumDriver lambda$new$3
WARNING: Unable to find version of CDP to use for . You may need to include a dependency on a specific version of the CDP using something similar to `org.seleniumhq.selenium:selenium-devtools-v86:4.2.1` where the version ("v86") matches the version of the chromium-based browser you're using and the version number of the artifact is the same as Selenium's.
]]></system-err>
  </testcase>
  <testcase name="runScenario[&quot;Verify the Dynamic Web Table functionality of Application&quot;, &quot;Automating UI Automation Playground&quot;](2)" classname="com.spritecloud.testRunner.TestRun" time="4.638">
    <system-out><![CDATA[[DEBUG] Resolution chrome=109 in cache (valid until 18:46:07 16/01/2023 IST)
[DEBUG] Resolution chrome109=109.0.5414.74 in cache (valid until 18:14:05 16/01/2023 IST)
[INFO] Using chromedriver 109.0.5414.74 (resolved driver for Chrome 109)
[DEBUG] Driver chromedriver 109.0.5414.74 found in cache
[INFO] Exporting webdriver.chrome.driver as C:\Users\Rohit Wadhwa\.cache\selenium\chromedriver\win32\109.0.5414.74\chromedriver.exe
[DEBUG] Entry count for : http://localhost:56472 : 1
[DEBUG] Adding Candidate expired Channel [id: 0x9947cb16, L:/127.0.0.1:50460 ! R:localhost/127.0.0.1:56472] isIdleTimeoutExpired=false isRemotelyClosed=true isTtlExpired=false
[DEBUG] Closing Idle Channel [id: 0x9947cb16, L:/127.0.0.1:50460 ! R:localhost/127.0.0.1:56472]
[DEBUG] Closed 1 connections out of 1 in 0 ms
[DEBUG] Using new Channel '[id: 0x29bc84aa, L:/127.0.0.1:50530 - R:localhost/127.0.0.1:63730]' for 'POST' to '/session'
[DEBUG] 

Request DefaultHttpRequest(decodeResult: success, version: HTTP/1.1)
POST /session HTTP/1.1
User-Agent: selenium/4.2.1 (java windows)
Content-Length: 365
Content-Type: application/json; charset=utf-8
host: localhost:63730
accept: */*

Response DefaultHttpResponse(decodeResult: success, version: HTTP/1.1)
HTTP/1.1 200 OK
Content-Type: application/json; charset=utf-8
cache-control: no-cache
content-length: 792

[DEBUG] Adding key: http://localhost:63730 for channel [id: 0x29bc84aa, L:/127.0.0.1:50530 - R:localhost/127.0.0.1:63730]
[DEBUG] Using new Channel '[id: 0x0cba6aeb, L:/127.0.0.1:50545 - R:localhost/127.0.0.1:50539]' for 'GET' to '/json/version'
[DEBUG] 

Request DefaultFullHttpRequest(decodeResult: success, version: HTTP/1.1, content: EmptyByteBufBE)
GET /json/version HTTP/1.1
User-Agent: selenium/4.2.1 (java windows)
host: localhost:50539
accept: */*

Response DefaultHttpResponse(decodeResult: success, version: HTTP/1.1)
HTTP/1.1 200 OK
Content-Type: application/json; charset=UTF-8
content-length: 422

[DEBUG] Adding key: http://localhost:50539 for channel [id: 0x0cba6aeb, L:/127.0.0.1:50545 - R:localhost/127.0.0.1:50539]
[DEBUG] Using new Channel '[id: 0x9c81a6ea, L:/127.0.0.1:50546 - R:localhost/127.0.0.1:50539]' for 'GET' to '/devtools/browser/e8a32cae-1499-4edb-9fd9-704547233f51'
[DEBUG] 

Request DefaultFullHttpRequest(decodeResult: success, version: HTTP/1.1, content: EmptyByteBufBE)
GET /devtools/browser/e8a32cae-1499-4edb-9fd9-704547233f51 HTTP/1.1
upgrade: websocket
connection: upgrade
sec-websocket-key: wxPA/kB/g9qX4oeN4YvhvQ==
sec-websocket-version: 13
origin: http://localhost:50539
host: localhost:50539
accept: */*
user-agent: AHC/2.1

Response DefaultHttpResponse(decodeResult: success, version: HTTP/1.1)
HTTP/1.1 101 WebSocket Protocol Handshake
Upgrade: WebSocket
Connection: Upgrade
Sec-WebSocket-Accept: YoxV2L1tuF6YFiQdm57YRNz3YGM=

[DEBUG] Using pooled Channel '[id: 0x29bc84aa, L:/127.0.0.1:50530 - R:localhost/127.0.0.1:63730]' for 'DELETE' to 'http://localhost:63730/session/8e3345545f2520fbcdaf7632b96c789f/cookie'
[DEBUG] Using open Channel [id: 0x29bc84aa, L:/127.0.0.1:50530 - R:localhost/127.0.0.1:63730] for DELETE '/session/8e3345545f2520fbcdaf7632b96c789f/cookie'
[DEBUG] 

Request DefaultFullHttpRequest(decodeResult: success, version: HTTP/1.1, content: EmptyByteBufBE)
DELETE /session/8e3345545f2520fbcdaf7632b96c789f/cookie HTTP/1.1
User-Agent: selenium/4.2.1 (java windows)
Content-Type: application/json; charset=utf-8
host: localhost:63730
accept: */*

Response DefaultHttpResponse(decodeResult: success, version: HTTP/1.1)
HTTP/1.1 200 OK
Content-Type: application/json; charset=utf-8
cache-control: no-cache
content-length: 14

[DEBUG] Adding key: http://localhost:63730 for channel [id: 0x29bc84aa, L:/127.0.0.1:50530 - R:localhost/127.0.0.1:63730]
[DEBUG] Using pooled Channel '[id: 0x29bc84aa, L:/127.0.0.1:50530 - R:localhost/127.0.0.1:63730]' for 'POST' to 'http://localhost:63730/session/8e3345545f2520fbcdaf7632b96c789f/window/maximize'
[DEBUG] Using open Channel [id: 0x29bc84aa, L:/127.0.0.1:50530 - R:localhost/127.0.0.1:63730] for POST '/session/8e3345545f2520fbcdaf7632b96c789f/window/maximize'
[DEBUG] 

Request DefaultHttpRequest(decodeResult: success, version: HTTP/1.1)
POST /session/8e3345545f2520fbcdaf7632b96c789f/window/maximize HTTP/1.1
User-Agent: selenium/4.2.1 (java windows)
Content-Length: 3
Content-Type: application/json; charset=utf-8
host: localhost:63730
accept: */*

Response DefaultHttpResponse(decodeResult: success, version: HTTP/1.1)
HTTP/1.1 200 OK
Content-Type: application/json; charset=utf-8
cache-control: no-cache
content-length: 51

[DEBUG] Adding key: http://localhost:63730 for channel [id: 0x29bc84aa, L:/127.0.0.1:50530 - R:localhost/127.0.0.1:63730]
[FATAL] 2023-01-16 17:46:20.187 [main] Stepdefs - Setup executed...
[INFO ] 2023-01-16 17:46:20.188 [main] Stepdefs - The Type of Automation is web
[DEBUG] Using pooled Channel '[id: 0x29bc84aa, L:/127.0.0.1:50530 - R:localhost/127.0.0.1:63730]' for 'POST' to 'http://localhost:63730/session/8e3345545f2520fbcdaf7632b96c789f/url'
[DEBUG] Using open Channel [id: 0x29bc84aa, L:/127.0.0.1:50530 - R:localhost/127.0.0.1:63730] for POST '/session/8e3345545f2520fbcdaf7632b96c789f/url'
[DEBUG] Entry count for : http://localhost:50539 : 1
[DEBUG] Entry count for : http://localhost:50539 : 1
[DEBUG] 

Request DefaultHttpRequest(decodeResult: success, version: HTTP/1.1)
POST /session/8e3345545f2520fbcdaf7632b96c789f/url HTTP/1.1
User-Agent: selenium/4.2.1 (java windows)
Content-Length: 65
Content-Type: application/json; charset=utf-8
host: localhost:63730
accept: */*

Response DefaultHttpResponse(decodeResult: success, version: HTTP/1.1)
HTTP/1.1 200 OK
Content-Type: application/json; charset=utf-8
cache-control: no-cache
content-length: 14

[DEBUG] Adding key: http://localhost:63730 for channel [id: 0x29bc84aa, L:/127.0.0.1:50530 - R:localhost/127.0.0.1:63730]
[INFO ] 2023-01-16 17:46:22.072 [main] Stepdefs - Navigated to web url
[DEBUG] Using pooled Channel '[id: 0x29bc84aa, L:/127.0.0.1:50530 - R:localhost/127.0.0.1:63730]' for 'GET' to 'http://localhost:63730/session/8e3345545f2520fbcdaf7632b96c789f/title'
[DEBUG] Using open Channel [id: 0x29bc84aa, L:/127.0.0.1:50530 - R:localhost/127.0.0.1:63730] for GET '/session/8e3345545f2520fbcdaf7632b96c789f/title'
[DEBUG] 

Request DefaultFullHttpRequest(decodeResult: success, version: HTTP/1.1, content: EmptyByteBufBE)
GET /session/8e3345545f2520fbcdaf7632b96c789f/title HTTP/1.1
User-Agent: selenium/4.2.1 (java windows)
Cache-Control: no-cache
Content-Type: application/json; charset=utf-8
host: localhost:63730
accept: */*

Response DefaultHttpResponse(decodeResult: success, version: HTTP/1.1)
HTTP/1.1 200 OK
Content-Type: application/json; charset=utf-8
cache-control: no-cache
content-length: 41

[DEBUG] Adding key: http://localhost:63730 for channel [id: 0x29bc84aa, L:/127.0.0.1:50530 - R:localhost/127.0.0.1:63730]
[INFO ] 2023-01-16 17:46:22.079 [main] Stepdefs - Test passed: Login feature :Page title matched.
[DEBUG] Using pooled Channel '[id: 0x29bc84aa, L:/127.0.0.1:50530 - R:localhost/127.0.0.1:63730]' for 'POST' to 'http://localhost:63730/session/8e3345545f2520fbcdaf7632b96c789f/element'
[DEBUG] Using open Channel [id: 0x29bc84aa, L:/127.0.0.1:50530 - R:localhost/127.0.0.1:63730] for POST '/session/8e3345545f2520fbcdaf7632b96c789f/element'
[DEBUG] 

Request DefaultHttpRequest(decodeResult: success, version: HTTP/1.1)
POST /session/8e3345545f2520fbcdaf7632b96c789f/element HTTP/1.1
User-Agent: selenium/4.2.1 (java windows)
Content-Length: 74
Content-Type: application/json; charset=utf-8
host: localhost:63730
accept: */*

Response DefaultHttpResponse(decodeResult: success, version: HTTP/1.1)
HTTP/1.1 200 OK
Content-Type: application/json; charset=utf-8
cache-control: no-cache
content-length: 88

[DEBUG] Adding key: http://localhost:63730 for channel [id: 0x29bc84aa, L:/127.0.0.1:50530 - R:localhost/127.0.0.1:63730]
[DEBUG] Using pooled Channel '[id: 0x29bc84aa, L:/127.0.0.1:50530 - R:localhost/127.0.0.1:63730]' for 'POST' to 'http://localhost:63730/session/8e3345545f2520fbcdaf7632b96c789f/execute/sync'
[DEBUG] Using open Channel [id: 0x29bc84aa, L:/127.0.0.1:50530 - R:localhost/127.0.0.1:63730] for POST '/session/8e3345545f2520fbcdaf7632b96c789f/execute/sync'
[DEBUG] 

Request DefaultHttpRequest(decodeResult: success, version: HTTP/1.1)
POST /session/8e3345545f2520fbcdaf7632b96c789f/execute/sync HTTP/1.1
User-Agent: selenium/4.2.1 (java windows)
Content-Length: 269
Content-Type: application/json; charset=utf-8
host: localhost:63730
accept: */*

Response DefaultHttpResponse(decodeResult: success, version: HTTP/1.1)
HTTP/1.1 200 OK
Content-Type: application/json; charset=utf-8
cache-control: no-cache
content-length: 14

[DEBUG] Adding key: http://localhost:63730 for channel [id: 0x29bc84aa, L:/127.0.0.1:50530 - R:localhost/127.0.0.1:63730]
[DEBUG] Using pooled Channel '[id: 0x29bc84aa, L:/127.0.0.1:50530 - R:localhost/127.0.0.1:63730]' for 'POST' to 'http://localhost:63730/session/8e3345545f2520fbcdaf7632b96c789f/element'
[DEBUG] Using open Channel [id: 0x29bc84aa, L:/127.0.0.1:50530 - R:localhost/127.0.0.1:63730] for POST '/session/8e3345545f2520fbcdaf7632b96c789f/element'
[DEBUG] 

Request DefaultHttpRequest(decodeResult: success, version: HTTP/1.1)
POST /session/8e3345545f2520fbcdaf7632b96c789f/element HTTP/1.1
User-Agent: selenium/4.2.1 (java windows)
Content-Length: 74
Content-Type: application/json; charset=utf-8
host: localhost:63730
accept: */*

Response DefaultHttpResponse(decodeResult: success, version: HTTP/1.1)
HTTP/1.1 200 OK
Content-Type: application/json; charset=utf-8
cache-control: no-cache
content-length: 88

[DEBUG] Adding key: http://localhost:63730 for channel [id: 0x29bc84aa, L:/127.0.0.1:50530 - R:localhost/127.0.0.1:63730]
[DEBUG] Using pooled Channel '[id: 0x29bc84aa, L:/127.0.0.1:50530 - R:localhost/127.0.0.1:63730]' for 'POST' to 'http://localhost:63730/session/8e3345545f2520fbcdaf7632b96c789f/element/ba33d9f6-b519-4373-ae1b-7c404f3cac57/click'
[DEBUG] Using open Channel [id: 0x29bc84aa, L:/127.0.0.1:50530 - R:localhost/127.0.0.1:63730] for POST '/session/8e3345545f2520fbcdaf7632b96c789f/element/ba33d9f6-b519-4373-ae1b-7c404f3cac57/click'
[DEBUG] 

Request DefaultHttpRequest(decodeResult: success, version: HTTP/1.1)
POST /session/8e3345545f2520fbcdaf7632b96c789f/element/ba33d9f6-b519-4373-ae1b-7c404f3cac57/click HTTP/1.1
User-Agent: selenium/4.2.1 (java windows)
Content-Length: 50
Content-Type: application/json; charset=utf-8
host: localhost:63730
accept: */*

Response DefaultHttpResponse(decodeResult: success, version: HTTP/1.1)
HTTP/1.1 200 OK
Content-Type: application/json; charset=utf-8
cache-control: no-cache
content-length: 14

[DEBUG] Adding key: http://localhost:63730 for channel [id: 0x29bc84aa, L:/127.0.0.1:50530 - R:localhost/127.0.0.1:63730]
[DEBUG] Using pooled Channel '[id: 0x29bc84aa, L:/127.0.0.1:50530 - R:localhost/127.0.0.1:63730]' for 'POST' to 'http://localhost:63730/session/8e3345545f2520fbcdaf7632b96c789f/timeouts'
[DEBUG] Using open Channel [id: 0x29bc84aa, L:/127.0.0.1:50530 - R:localhost/127.0.0.1:63730] for POST '/session/8e3345545f2520fbcdaf7632b96c789f/timeouts'
[DEBUG] 

Request DefaultHttpRequest(decodeResult: success, version: HTTP/1.1)
POST /session/8e3345545f2520fbcdaf7632b96c789f/timeouts HTTP/1.1
User-Agent: selenium/4.2.1 (java windows)
Content-Length: 22
Content-Type: application/json; charset=utf-8
host: localhost:63730
accept: */*

Response DefaultHttpResponse(decodeResult: success, version: HTTP/1.1)
HTTP/1.1 200 OK
Content-Type: application/json; charset=utf-8
cache-control: no-cache
content-length: 14

[DEBUG] Adding key: http://localhost:63730 for channel [id: 0x29bc84aa, L:/127.0.0.1:50530 - R:localhost/127.0.0.1:63730]
[INFO ] 2023-01-16 17:46:22.655 [main] Stepdefs - Navigated to dynamic table page
[DEBUG] Using pooled Channel '[id: 0x29bc84aa, L:/127.0.0.1:50530 - R:localhost/127.0.0.1:63730]' for 'GET' to 'http://localhost:63730/session/8e3345545f2520fbcdaf7632b96c789f/title'
[DEBUG] Using open Channel [id: 0x29bc84aa, L:/127.0.0.1:50530 - R:localhost/127.0.0.1:63730] for GET '/session/8e3345545f2520fbcdaf7632b96c789f/title'
[DEBUG] 

Request DefaultFullHttpRequest(decodeResult: success, version: HTTP/1.1, content: EmptyByteBufBE)
GET /session/8e3345545f2520fbcdaf7632b96c789f/title HTTP/1.1
User-Agent: selenium/4.2.1 (java windows)
Cache-Control: no-cache
Content-Type: application/json; charset=utf-8
host: localhost:63730
accept: */*

Response DefaultHttpResponse(decodeResult: success, version: HTTP/1.1)
HTTP/1.1 200 OK
Content-Type: application/json; charset=utf-8
cache-control: no-cache
content-length: 25

[DEBUG] Adding key: http://localhost:63730 for channel [id: 0x29bc84aa, L:/127.0.0.1:50530 - R:localhost/127.0.0.1:63730]
[INFO ] 2023-01-16 17:46:22.661 [main] Stepdefs - Test passed: Login feature :Page title matched.
[DEBUG] Using pooled Channel '[id: 0x29bc84aa, L:/127.0.0.1:50530 - R:localhost/127.0.0.1:63730]' for 'POST' to 'http://localhost:63730/session/8e3345545f2520fbcdaf7632b96c789f/elements'
[DEBUG] Using open Channel [id: 0x29bc84aa, L:/127.0.0.1:50530 - R:localhost/127.0.0.1:63730] for POST '/session/8e3345545f2520fbcdaf7632b96c789f/elements'
[DEBUG] 

Request DefaultHttpRequest(decodeResult: success, version: HTTP/1.1)
POST /session/8e3345545f2520fbcdaf7632b96c789f/elements HTTP/1.1
User-Agent: selenium/4.2.1 (java windows)
Content-Length: 75
Content-Type: application/json; charset=utf-8
host: localhost:63730
accept: */*

Response DefaultHttpResponse(decodeResult: success, version: HTTP/1.1)
HTTP/1.1 200 OK
Content-Type: application/json; charset=utf-8
cache-control: no-cache
content-length: 406

[DEBUG] Adding key: http://localhost:63730 for channel [id: 0x29bc84aa, L:/127.0.0.1:50530 - R:localhost/127.0.0.1:63730]
[DEBUG] Using pooled Channel '[id: 0x29bc84aa, L:/127.0.0.1:50530 - R:localhost/127.0.0.1:63730]' for 'POST' to 'http://localhost:63730/session/8e3345545f2520fbcdaf7632b96c789f/elements'
[DEBUG] Using open Channel [id: 0x29bc84aa, L:/127.0.0.1:50530 - R:localhost/127.0.0.1:63730] for POST '/session/8e3345545f2520fbcdaf7632b96c789f/elements'
[DEBUG] 

Request DefaultHttpRequest(decodeResult: success, version: HTTP/1.1)
POST /session/8e3345545f2520fbcdaf7632b96c789f/elements HTTP/1.1
User-Agent: selenium/4.2.1 (java windows)
Content-Length: 105
Content-Type: application/json; charset=utf-8
host: localhost:63730
accept: */*

Response DefaultHttpResponse(decodeResult: success, version: HTTP/1.1)
HTTP/1.1 200 OK
Content-Type: application/json; charset=utf-8
cache-control: no-cache
content-length: 327

[DEBUG] Adding key: http://localhost:63730 for channel [id: 0x29bc84aa, L:/127.0.0.1:50530 - R:localhost/127.0.0.1:63730]
[DEBUG] Using pooled Channel '[id: 0x29bc84aa, L:/127.0.0.1:50530 - R:localhost/127.0.0.1:63730]' for 'GET' to 'http://localhost:63730/session/8e3345545f2520fbcdaf7632b96c789f/element/5648fe41-d95a-4dc7-95d3-ba97cf040370/text'
[DEBUG] Using open Channel [id: 0x29bc84aa, L:/127.0.0.1:50530 - R:localhost/127.0.0.1:63730] for GET '/session/8e3345545f2520fbcdaf7632b96c789f/element/5648fe41-d95a-4dc7-95d3-ba97cf040370/text'
[DEBUG] 

Request DefaultFullHttpRequest(decodeResult: success, version: HTTP/1.1, content: EmptyByteBufBE)
GET /session/8e3345545f2520fbcdaf7632b96c789f/element/5648fe41-d95a-4dc7-95d3-ba97cf040370/text HTTP/1.1
User-Agent: selenium/4.2.1 (java windows)
Cache-Control: no-cache
Content-Type: application/json; charset=utf-8
host: localhost:63730
accept: */*

Response DefaultHttpResponse(decodeResult: success, version: HTTP/1.1)
HTTP/1.1 200 OK
Content-Type: application/json; charset=utf-8
cache-control: no-cache
content-length: 16

[DEBUG] Adding key: http://localhost:63730 for channel [id: 0x29bc84aa, L:/127.0.0.1:50530 - R:localhost/127.0.0.1:63730]
[DEBUG] Using pooled Channel '[id: 0x29bc84aa, L:/127.0.0.1:50530 - R:localhost/127.0.0.1:63730]' for 'GET' to 'http://localhost:63730/session/8e3345545f2520fbcdaf7632b96c789f/element/532baa90-ca25-46bb-a27b-5843d544dbd2/text'
[DEBUG] Using open Channel [id: 0x29bc84aa, L:/127.0.0.1:50530 - R:localhost/127.0.0.1:63730] for GET '/session/8e3345545f2520fbcdaf7632b96c789f/element/532baa90-ca25-46bb-a27b-5843d544dbd2/text'
[DEBUG] 

Request DefaultFullHttpRequest(decodeResult: success, version: HTTP/1.1, content: EmptyByteBufBE)
GET /session/8e3345545f2520fbcdaf7632b96c789f/element/532baa90-ca25-46bb-a27b-5843d544dbd2/text HTTP/1.1
User-Agent: selenium/4.2.1 (java windows)
Cache-Control: no-cache
Content-Type: application/json; charset=utf-8
host: localhost:63730
accept: */*

Response DefaultHttpResponse(decodeResult: success, version: HTTP/1.1)
HTTP/1.1 200 OK
Content-Type: application/json; charset=utf-8
cache-control: no-cache
content-length: 19

[DEBUG] Adding key: http://localhost:63730 for channel [id: 0x29bc84aa, L:/127.0.0.1:50530 - R:localhost/127.0.0.1:63730]
[DEBUG] Using pooled Channel '[id: 0x29bc84aa, L:/127.0.0.1:50530 - R:localhost/127.0.0.1:63730]' for 'GET' to 'http://localhost:63730/session/8e3345545f2520fbcdaf7632b96c789f/element/e71268af-be02-410a-9aa7-2d96f6e426ad/text'
[DEBUG] Using open Channel [id: 0x29bc84aa, L:/127.0.0.1:50530 - R:localhost/127.0.0.1:63730] for GET '/session/8e3345545f2520fbcdaf7632b96c789f/element/e71268af-be02-410a-9aa7-2d96f6e426ad/text'
[DEBUG] 

Request DefaultFullHttpRequest(decodeResult: success, version: HTTP/1.1, content: EmptyByteBufBE)
GET /session/8e3345545f2520fbcdaf7632b96c789f/element/e71268af-be02-410a-9aa7-2d96f6e426ad/text HTTP/1.1
User-Agent: selenium/4.2.1 (java windows)
Cache-Control: no-cache
Content-Type: application/json; charset=utf-8
host: localhost:63730
accept: */*

Response DefaultHttpResponse(decodeResult: success, version: HTTP/1.1)
HTTP/1.1 200 OK
Content-Type: application/json; charset=utf-8
cache-control: no-cache
content-length: 18

[DEBUG] Adding key: http://localhost:63730 for channel [id: 0x29bc84aa, L:/127.0.0.1:50530 - R:localhost/127.0.0.1:63730]
[DEBUG] Using pooled Channel '[id: 0x29bc84aa, L:/127.0.0.1:50530 - R:localhost/127.0.0.1:63730]' for 'GET' to 'http://localhost:63730/session/8e3345545f2520fbcdaf7632b96c789f/element/b907dbc7-e017-484d-9605-4bc6c05bd886/text'
[DEBUG] Using open Channel [id: 0x29bc84aa, L:/127.0.0.1:50530 - R:localhost/127.0.0.1:63730] for GET '/session/8e3345545f2520fbcdaf7632b96c789f/element/b907dbc7-e017-484d-9605-4bc6c05bd886/text'
[DEBUG] 

Request DefaultFullHttpRequest(decodeResult: success, version: HTTP/1.1, content: EmptyByteBufBE)
GET /session/8e3345545f2520fbcdaf7632b96c789f/element/b907dbc7-e017-484d-9605-4bc6c05bd886/text HTTP/1.1
User-Agent: selenium/4.2.1 (java windows)
Cache-Control: no-cache
Content-Type: application/json; charset=utf-8
host: localhost:63730
accept: */*

Response DefaultHttpResponse(decodeResult: success, version: HTTP/1.1)
HTTP/1.1 200 OK
Content-Type: application/json; charset=utf-8
cache-control: no-cache
content-length: 16

[DEBUG] Adding key: http://localhost:63730 for channel [id: 0x29bc84aa, L:/127.0.0.1:50530 - R:localhost/127.0.0.1:63730]
[DEBUG] Using pooled Channel '[id: 0x29bc84aa, L:/127.0.0.1:50530 - R:localhost/127.0.0.1:63730]' for 'GET' to 'http://localhost:63730/session/8e3345545f2520fbcdaf7632b96c789f/element/0350c80f-7ace-4d72-ad4a-879a2d86f7f9/text'
[DEBUG] Using open Channel [id: 0x29bc84aa, L:/127.0.0.1:50530 - R:localhost/127.0.0.1:63730] for GET '/session/8e3345545f2520fbcdaf7632b96c789f/element/0350c80f-7ace-4d72-ad4a-879a2d86f7f9/text'
[DEBUG] 

Request DefaultFullHttpRequest(decodeResult: success, version: HTTP/1.1, content: EmptyByteBufBE)
GET /session/8e3345545f2520fbcdaf7632b96c789f/element/0350c80f-7ace-4d72-ad4a-879a2d86f7f9/text HTTP/1.1
User-Agent: selenium/4.2.1 (java windows)
Cache-Control: no-cache
Content-Type: application/json; charset=utf-8
host: localhost:63730
accept: */*

Response DefaultHttpResponse(decodeResult: success, version: HTTP/1.1)
HTTP/1.1 200 OK
Content-Type: application/json; charset=utf-8
cache-control: no-cache
content-length: 15

[DEBUG] Adding key: http://localhost:63730 for channel [id: 0x29bc84aa, L:/127.0.0.1:50530 - R:localhost/127.0.0.1:63730]
[DEBUG] Using pooled Channel '[id: 0x29bc84aa, L:/127.0.0.1:50530 - R:localhost/127.0.0.1:63730]' for 'POST' to 'http://localhost:63730/session/8e3345545f2520fbcdaf7632b96c789f/element'
[DEBUG] Using open Channel [id: 0x29bc84aa, L:/127.0.0.1:50530 - R:localhost/127.0.0.1:63730] for POST '/session/8e3345545f2520fbcdaf7632b96c789f/element'
[DEBUG] Entry count for : http://localhost:50539 : 1
[DEBUG] 

Request DefaultHttpRequest(decodeResult: success, version: HTTP/1.1)
POST /session/8e3345545f2520fbcdaf7632b96c789f/element HTTP/1.1
User-Agent: selenium/4.2.1 (java windows)
Content-Length: 108
Content-Type: application/json; charset=utf-8
host: localhost:63730
accept: */*

Response DefaultHttpResponse(decodeResult: success, version: HTTP/1.1)
HTTP/1.1 200 OK
Content-Type: application/json; charset=utf-8
cache-control: no-cache
content-length: 88

[DEBUG] Adding key: http://localhost:63730 for channel [id: 0x29bc84aa, L:/127.0.0.1:50530 - R:localhost/127.0.0.1:63730]
[DEBUG] Using pooled Channel '[id: 0x29bc84aa, L:/127.0.0.1:50530 - R:localhost/127.0.0.1:63730]' for 'GET' to 'http://localhost:63730/session/8e3345545f2520fbcdaf7632b96c789f/element/a56499be-4403-4de7-84d4-78ba27b827b8/text'
[DEBUG] Using open Channel [id: 0x29bc84aa, L:/127.0.0.1:50530 - R:localhost/127.0.0.1:63730] for GET '/session/8e3345545f2520fbcdaf7632b96c789f/element/a56499be-4403-4de7-84d4-78ba27b827b8/text'
[DEBUG] 

Request DefaultFullHttpRequest(decodeResult: success, version: HTTP/1.1, content: EmptyByteBufBE)
GET /session/8e3345545f2520fbcdaf7632b96c789f/element/a56499be-4403-4de7-84d4-78ba27b827b8/text HTTP/1.1
User-Agent: selenium/4.2.1 (java windows)
Cache-Control: no-cache
Content-Type: application/json; charset=utf-8
host: localhost:63730
accept: */*

Response DefaultHttpResponse(decodeResult: success, version: HTTP/1.1)
HTTP/1.1 200 OK
Content-Type: application/json; charset=utf-8
cache-control: no-cache
content-length: 16

[DEBUG] Adding key: http://localhost:63730 for channel [id: 0x29bc84aa, L:/127.0.0.1:50530 - R:localhost/127.0.0.1:63730]
[INFO ] 2023-01-16 17:46:22.773 [main] Stepdefs - Value of chrome Cpu is 1.7%
[DEBUG] Using pooled Channel '[id: 0x29bc84aa, L:/127.0.0.1:50530 - R:localhost/127.0.0.1:63730]' for 'POST' to 'http://localhost:63730/session/8e3345545f2520fbcdaf7632b96c789f/elements'
[DEBUG] Using open Channel [id: 0x29bc84aa, L:/127.0.0.1:50530 - R:localhost/127.0.0.1:63730] for POST '/session/8e3345545f2520fbcdaf7632b96c789f/elements'
[DEBUG] 

Request DefaultHttpRequest(decodeResult: success, version: HTTP/1.1)
POST /session/8e3345545f2520fbcdaf7632b96c789f/elements HTTP/1.1
User-Agent: selenium/4.2.1 (java windows)
Content-Length: 75
Content-Type: application/json; charset=utf-8
host: localhost:63730
accept: */*

Response DefaultHttpResponse(decodeResult: success, version: HTTP/1.1)
HTTP/1.1 200 OK
Content-Type: application/json; charset=utf-8
cache-control: no-cache
content-length: 406

[DEBUG] Adding key: http://localhost:63730 for channel [id: 0x29bc84aa, L:/127.0.0.1:50530 - R:localhost/127.0.0.1:63730]
[DEBUG] Using pooled Channel '[id: 0x29bc84aa, L:/127.0.0.1:50530 - R:localhost/127.0.0.1:63730]' for 'POST' to 'http://localhost:63730/session/8e3345545f2520fbcdaf7632b96c789f/elements'
[DEBUG] Using open Channel [id: 0x29bc84aa, L:/127.0.0.1:50530 - R:localhost/127.0.0.1:63730] for POST '/session/8e3345545f2520fbcdaf7632b96c789f/elements'
[DEBUG] 

Request DefaultHttpRequest(decodeResult: success, version: HTTP/1.1)
POST /session/8e3345545f2520fbcdaf7632b96c789f/elements HTTP/1.1
User-Agent: selenium/4.2.1 (java windows)
Content-Length: 105
Content-Type: application/json; charset=utf-8
host: localhost:63730
accept: */*

Response DefaultHttpResponse(decodeResult: success, version: HTTP/1.1)
HTTP/1.1 200 OK
Content-Type: application/json; charset=utf-8
cache-control: no-cache
content-length: 327

[DEBUG] Adding key: http://localhost:63730 for channel [id: 0x29bc84aa, L:/127.0.0.1:50530 - R:localhost/127.0.0.1:63730]
[DEBUG] Using pooled Channel '[id: 0x29bc84aa, L:/127.0.0.1:50530 - R:localhost/127.0.0.1:63730]' for 'GET' to 'http://localhost:63730/session/8e3345545f2520fbcdaf7632b96c789f/element/5648fe41-d95a-4dc7-95d3-ba97cf040370/text'
[DEBUG] Using open Channel [id: 0x29bc84aa, L:/127.0.0.1:50530 - R:localhost/127.0.0.1:63730] for GET '/session/8e3345545f2520fbcdaf7632b96c789f/element/5648fe41-d95a-4dc7-95d3-ba97cf040370/text'
[DEBUG] 

Request DefaultFullHttpRequest(decodeResult: success, version: HTTP/1.1, content: EmptyByteBufBE)
GET /session/8e3345545f2520fbcdaf7632b96c789f/element/5648fe41-d95a-4dc7-95d3-ba97cf040370/text HTTP/1.1
User-Agent: selenium/4.2.1 (java windows)
Cache-Control: no-cache
Content-Type: application/json; charset=utf-8
host: localhost:63730
accept: */*

Response DefaultHttpResponse(decodeResult: success, version: HTTP/1.1)
HTTP/1.1 200 OK
Content-Type: application/json; charset=utf-8
cache-control: no-cache
content-length: 16

[DEBUG] Adding key: http://localhost:63730 for channel [id: 0x29bc84aa, L:/127.0.0.1:50530 - R:localhost/127.0.0.1:63730]
[DEBUG] Using pooled Channel '[id: 0x29bc84aa, L:/127.0.0.1:50530 - R:localhost/127.0.0.1:63730]' for 'GET' to 'http://localhost:63730/session/8e3345545f2520fbcdaf7632b96c789f/element/532baa90-ca25-46bb-a27b-5843d544dbd2/text'
[DEBUG] Using open Channel [id: 0x29bc84aa, L:/127.0.0.1:50530 - R:localhost/127.0.0.1:63730] for GET '/session/8e3345545f2520fbcdaf7632b96c789f/element/532baa90-ca25-46bb-a27b-5843d544dbd2/text'
[DEBUG] 

Request DefaultFullHttpRequest(decodeResult: success, version: HTTP/1.1, content: EmptyByteBufBE)
GET /session/8e3345545f2520fbcdaf7632b96c789f/element/532baa90-ca25-46bb-a27b-5843d544dbd2/text HTTP/1.1
User-Agent: selenium/4.2.1 (java windows)
Cache-Control: no-cache
Content-Type: application/json; charset=utf-8
host: localhost:63730
accept: */*

Response DefaultHttpResponse(decodeResult: success, version: HTTP/1.1)
HTTP/1.1 200 OK
Content-Type: application/json; charset=utf-8
cache-control: no-cache
content-length: 19

[DEBUG] Adding key: http://localhost:63730 for channel [id: 0x29bc84aa, L:/127.0.0.1:50530 - R:localhost/127.0.0.1:63730]
[DEBUG] Using pooled Channel '[id: 0x29bc84aa, L:/127.0.0.1:50530 - R:localhost/127.0.0.1:63730]' for 'GET' to 'http://localhost:63730/session/8e3345545f2520fbcdaf7632b96c789f/element/e71268af-be02-410a-9aa7-2d96f6e426ad/text'
[DEBUG] Using open Channel [id: 0x29bc84aa, L:/127.0.0.1:50530 - R:localhost/127.0.0.1:63730] for GET '/session/8e3345545f2520fbcdaf7632b96c789f/element/e71268af-be02-410a-9aa7-2d96f6e426ad/text'
[DEBUG] 

Request DefaultFullHttpRequest(decodeResult: success, version: HTTP/1.1, content: EmptyByteBufBE)
GET /session/8e3345545f2520fbcdaf7632b96c789f/element/e71268af-be02-410a-9aa7-2d96f6e426ad/text HTTP/1.1
User-Agent: selenium/4.2.1 (java windows)
Cache-Control: no-cache
Content-Type: application/json; charset=utf-8
host: localhost:63730
accept: */*

Response DefaultHttpResponse(decodeResult: success, version: HTTP/1.1)
HTTP/1.1 200 OK
Content-Type: application/json; charset=utf-8
cache-control: no-cache
content-length: 18

[DEBUG] Adding key: http://localhost:63730 for channel [id: 0x29bc84aa, L:/127.0.0.1:50530 - R:localhost/127.0.0.1:63730]
[DEBUG] Using pooled Channel '[id: 0x29bc84aa, L:/127.0.0.1:50530 - R:localhost/127.0.0.1:63730]' for 'GET' to 'http://localhost:63730/session/8e3345545f2520fbcdaf7632b96c789f/element/b907dbc7-e017-484d-9605-4bc6c05bd886/text'
[DEBUG] Using open Channel [id: 0x29bc84aa, L:/127.0.0.1:50530 - R:localhost/127.0.0.1:63730] for GET '/session/8e3345545f2520fbcdaf7632b96c789f/element/b907dbc7-e017-484d-9605-4bc6c05bd886/text'
[DEBUG] 

Request DefaultFullHttpRequest(decodeResult: success, version: HTTP/1.1, content: EmptyByteBufBE)
GET /session/8e3345545f2520fbcdaf7632b96c789f/element/b907dbc7-e017-484d-9605-4bc6c05bd886/text HTTP/1.1
User-Agent: selenium/4.2.1 (java windows)
Cache-Control: no-cache
Content-Type: application/json; charset=utf-8
host: localhost:63730
accept: */*

Response DefaultHttpResponse(decodeResult: success, version: HTTP/1.1)
HTTP/1.1 200 OK
Content-Type: application/json; charset=utf-8
cache-control: no-cache
content-length: 16

[DEBUG] Adding key: http://localhost:63730 for channel [id: 0x29bc84aa, L:/127.0.0.1:50530 - R:localhost/127.0.0.1:63730]
[DEBUG] Using pooled Channel '[id: 0x29bc84aa, L:/127.0.0.1:50530 - R:localhost/127.0.0.1:63730]' for 'GET' to 'http://localhost:63730/session/8e3345545f2520fbcdaf7632b96c789f/element/0350c80f-7ace-4d72-ad4a-879a2d86f7f9/text'
[DEBUG] Using open Channel [id: 0x29bc84aa, L:/127.0.0.1:50530 - R:localhost/127.0.0.1:63730] for GET '/session/8e3345545f2520fbcdaf7632b96c789f/element/0350c80f-7ace-4d72-ad4a-879a2d86f7f9/text'
[DEBUG] 

Request DefaultFullHttpRequest(decodeResult: success, version: HTTP/1.1, content: EmptyByteBufBE)
GET /session/8e3345545f2520fbcdaf7632b96c789f/element/0350c80f-7ace-4d72-ad4a-879a2d86f7f9/text HTTP/1.1
User-Agent: selenium/4.2.1 (java windows)
Cache-Control: no-cache
Content-Type: application/json; charset=utf-8
host: localhost:63730
accept: */*

Response DefaultHttpResponse(decodeResult: success, version: HTTP/1.1)
HTTP/1.1 200 OK
Content-Type: application/json; charset=utf-8
cache-control: no-cache
content-length: 15

[DEBUG] Adding key: http://localhost:63730 for channel [id: 0x29bc84aa, L:/127.0.0.1:50530 - R:localhost/127.0.0.1:63730]
[DEBUG] Using pooled Channel '[id: 0x29bc84aa, L:/127.0.0.1:50530 - R:localhost/127.0.0.1:63730]' for 'POST' to 'http://localhost:63730/session/8e3345545f2520fbcdaf7632b96c789f/element'
[DEBUG] Using open Channel [id: 0x29bc84aa, L:/127.0.0.1:50530 - R:localhost/127.0.0.1:63730] for POST '/session/8e3345545f2520fbcdaf7632b96c789f/element'
[DEBUG] 

Request DefaultHttpRequest(decodeResult: success, version: HTTP/1.1)
POST /session/8e3345545f2520fbcdaf7632b96c789f/element HTTP/1.1
User-Agent: selenium/4.2.1 (java windows)
Content-Length: 108
Content-Type: application/json; charset=utf-8
host: localhost:63730
accept: */*

Response DefaultHttpResponse(decodeResult: success, version: HTTP/1.1)
HTTP/1.1 200 OK
Content-Type: application/json; charset=utf-8
cache-control: no-cache
content-length: 88

[DEBUG] Adding key: http://localhost:63730 for channel [id: 0x29bc84aa, L:/127.0.0.1:50530 - R:localhost/127.0.0.1:63730]
[DEBUG] Using pooled Channel '[id: 0x29bc84aa, L:/127.0.0.1:50530 - R:localhost/127.0.0.1:63730]' for 'GET' to 'http://localhost:63730/session/8e3345545f2520fbcdaf7632b96c789f/element/a56499be-4403-4de7-84d4-78ba27b827b8/text'
[DEBUG] Using open Channel [id: 0x29bc84aa, L:/127.0.0.1:50530 - R:localhost/127.0.0.1:63730] for GET '/session/8e3345545f2520fbcdaf7632b96c789f/element/a56499be-4403-4de7-84d4-78ba27b827b8/text'
[DEBUG] 

Request DefaultFullHttpRequest(decodeResult: success, version: HTTP/1.1, content: EmptyByteBufBE)
GET /session/8e3345545f2520fbcdaf7632b96c789f/element/a56499be-4403-4de7-84d4-78ba27b827b8/text HTTP/1.1
User-Agent: selenium/4.2.1 (java windows)
Cache-Control: no-cache
Content-Type: application/json; charset=utf-8
host: localhost:63730
accept: */*

Response DefaultHttpResponse(decodeResult: success, version: HTTP/1.1)
HTTP/1.1 200 OK
Content-Type: application/json; charset=utf-8
cache-control: no-cache
content-length: 16

[DEBUG] Adding key: http://localhost:63730 for channel [id: 0x29bc84aa, L:/127.0.0.1:50530 - R:localhost/127.0.0.1:63730]
[INFO ] 2023-01-16 17:46:22.850 [main] Stepdefs - Value of chrome Cpu highlited is 1.7%
[INFO ] 2023-01-16 17:46:22.850 [main] Stepdefs - Value of webtable is matched
[DEBUG] Channel Closed: [id: 0x9c81a6ea, L:/127.0.0.1:50546 ! R:localhost/127.0.0.1:50539] with attribute NettyResponseFuture{currentRetry=0,
	isDone=1,
	isCancelled=0,
	asyncHandler=org.asynchttpclient.ws.WebSocketUpgradeHandler@4147ab79,
	nettyRequest=org.asynchttpclient.netty.request.NettyRequest@4453d35,
	future=java.util.concurrent.CompletableFuture@314f1a3c[Completed normally],
	uri=ws://localhost:50539/devtools/browser/e8a32cae-1499-4edb-9fd9-704547233f51,
	keepAlive=true,
	redirectCount=0,
	timeoutsHolder=null,
	inAuth=0,
	touch=1673871380045}
[DEBUG] Closing Channel [id: 0x9c81a6ea, L:/127.0.0.1:50546 ! R:localhost/127.0.0.1:50539] 
[DEBUG] Using pooled Channel '[id: 0x29bc84aa, L:/127.0.0.1:50530 - R:localhost/127.0.0.1:63730]' for 'DELETE' to 'http://localhost:63730/session/8e3345545f2520fbcdaf7632b96c789f'
[DEBUG] Using open Channel [id: 0x29bc84aa, L:/127.0.0.1:50530 - R:localhost/127.0.0.1:63730] for DELETE '/session/8e3345545f2520fbcdaf7632b96c789f'
[DEBUG] Unexpected I/O exception on channel [id: 0x0cba6aeb, L:/127.0.0.1:50545 - R:localhost/127.0.0.1:50539]
java.io.IOException: An existing connection was forcibly closed by the remote host
	at java.base/sun.nio.ch.SocketDispatcher.read0(Native Method) ~[na:na]
	at java.base/sun.nio.ch.SocketDispatcher.read(SocketDispatcher.java:43) ~[na:na]
	at java.base/sun.nio.ch.IOUtil.readIntoNativeBuffer(IOUtil.java:276) ~[na:na]
	at java.base/sun.nio.ch.IOUtil.read(IOUtil.java:233) ~[na:na]
	at java.base/sun.nio.ch.IOUtil.read(IOUtil.java:223) ~[na:na]
	at java.base/sun.nio.ch.SocketChannelImpl.read(SocketChannelImpl.java:358) ~[na:na]
	at io.netty.buffer.PooledByteBuf.setBytes(PooledByteBuf.java:258) ~[netty-buffer-4.1.77.Final.jar:4.1.77.Final]
	at io.netty.buffer.AbstractByteBuf.writeBytes(AbstractByteBuf.java:1132) ~[netty-buffer-4.1.77.Final.jar:4.1.77.Final]
	at io.netty.channel.socket.nio.NioSocketChannel.doReadBytes(NioSocketChannel.java:357) ~[netty-transport-4.1.77.Final.jar:4.1.77.Final]
	at io.netty.channel.nio.AbstractNioByteChannel$NioByteUnsafe.read(AbstractNioByteChannel.java:151) ~[netty-transport-4.1.77.Final.jar:4.1.77.Final]
	at io.netty.channel.nio.NioEventLoop.processSelectedKey(NioEventLoop.java:722) ~[netty-transport-4.1.77.Final.jar:4.1.77.Final]
	at io.netty.channel.nio.NioEventLoop.processSelectedKeysOptimized(NioEventLoop.java:658) ~[netty-transport-4.1.77.Final.jar:4.1.77.Final]
	at io.netty.channel.nio.NioEventLoop.processSelectedKeys(NioEventLoop.java:584) ~[netty-transport-4.1.77.Final.jar:4.1.77.Final]
	at io.netty.channel.nio.NioEventLoop.run(NioEventLoop.java:496) ~[netty-transport-4.1.77.Final.jar:4.1.77.Final]
	at io.netty.util.concurrent.SingleThreadEventExecutor$4.run(SingleThreadEventExecutor.java:995) ~[netty-common-4.1.77.Final.jar:4.1.77.Final]
	at io.netty.util.internal.ThreadExecutorMap$2.run(ThreadExecutorMap.java:74) ~[netty-common-4.1.77.Final.jar:4.1.77.Final]
	at io.netty.util.concurrent.FastThreadLocalRunnable.run(FastThreadLocalRunnable.java:30) ~[netty-common-4.1.77.Final.jar:4.1.77.Final]
	at java.base/java.lang.Thread.run(Thread.java:834) ~[na:na]
[DEBUG] Closing Channel [id: 0x0cba6aeb, L:/127.0.0.1:50545 - R:localhost/127.0.0.1:50539] 
[DEBUG] Channel Closed: [id: 0x0cba6aeb, L:/127.0.0.1:50545 ! R:localhost/127.0.0.1:50539] with attribute DISCARD
[DEBUG] 

Request DefaultFullHttpRequest(decodeResult: success, version: HTTP/1.1, content: EmptyByteBufBE)
DELETE /session/8e3345545f2520fbcdaf7632b96c789f HTTP/1.1
User-Agent: selenium/4.2.1 (java windows)
Content-Type: application/json; charset=utf-8
host: localhost:63730
accept: */*

Response DefaultHttpResponse(decodeResult: success, version: HTTP/1.1)
HTTP/1.1 200 OK
Content-Type: application/json; charset=utf-8
cache-control: no-cache
content-length: 14

[DEBUG] Adding key: http://localhost:63730 for channel [id: 0x29bc84aa, L:/127.0.0.1:50530 - R:localhost/127.0.0.1:63730]
[DEBUG] Channel Closed: [id: 0x29bc84aa, L:/127.0.0.1:50530 ! R:localhost/127.0.0.1:63730] with attribute DISCARD
Tear Down method executed..
]]></system-out>
    <system-err><![CDATA[Starting ChromeDriver 109.0.5414.74 (e7c5703604daa9cc128ccf5a5d3e993513758913-refs/branch-heads/5414@{#1172}) on port 63730
Only local connections are allowed.
Please see https://chromedriver.chromium.org/security-considerations for suggestions on keeping ChromeDriver safe.
ChromeDriver was started successfully.
Jan 16, 2023 5:46:20 PM org.openqa.selenium.remote.ProtocolHandshake createSession
INFO: Detected upstream dialect: W3C
Jan 16, 2023 5:46:20 PM org.openqa.selenium.devtools.CdpVersionFinder findNearestMatch
WARNING: Unable to find an exact match for CDP version 109, so returning the closest version found: a no-op implementation
Jan 16, 2023 5:46:20 PM org.openqa.selenium.devtools.CdpVersionFinder findNearestMatch
INFO: Unable to find CDP implementation matching 109.
Jan 16, 2023 5:46:20 PM org.openqa.selenium.chromium.ChromiumDriver lambda$new$3
WARNING: Unable to find version of CDP to use for . You may need to include a dependency on a specific version of the CDP using something similar to `org.seleniumhq.selenium:selenium-devtools-v86:4.2.1` where the version ("v86") matches the version of the chromium-based browser you're using and the version number of the artifact is the same as Selenium's.
]]></system-err>
  </testcase>
  <testcase name="runScenario[&quot;Verify the Client Side Delay functionality of Application&quot;, &quot;Automating UI Automation Playground&quot;](3)" classname="com.spritecloud.testRunner.TestRun" time="20.924">
    <system-out><![CDATA[[DEBUG] Resolution chrome=109 in cache (valid until 18:46:07 16/01/2023 IST)
[DEBUG] Resolution chrome109=109.0.5414.74 in cache (valid until 18:14:05 16/01/2023 IST)
[INFO] Using chromedriver 109.0.5414.74 (resolved driver for Chrome 109)
[DEBUG] Driver chromedriver 109.0.5414.74 found in cache
[INFO] Exporting webdriver.chrome.driver as C:\Users\Rohit Wadhwa\.cache\selenium\chromedriver\win32\109.0.5414.74\chromedriver.exe
[DEBUG] Entry count for : http://localhost:63730 : 1
[DEBUG] Entry count for : http://localhost:50539 : 1
[DEBUG] Adding Candidate expired Channel [id: 0x29bc84aa, L:/127.0.0.1:50530 ! R:localhost/127.0.0.1:63730] isIdleTimeoutExpired=false isRemotelyClosed=true isTtlExpired=false
[DEBUG] Closing Idle Channel [id: 0x29bc84aa, L:/127.0.0.1:50530 ! R:localhost/127.0.0.1:63730]
[DEBUG] Adding Candidate expired Channel [id: 0x0cba6aeb, L:/127.0.0.1:50545 ! R:localhost/127.0.0.1:50539] isIdleTimeoutExpired=false isRemotelyClosed=true isTtlExpired=false
[DEBUG] Closing Idle Channel [id: 0x0cba6aeb, L:/127.0.0.1:50545 ! R:localhost/127.0.0.1:50539]
[DEBUG] Closed 2 connections out of 2 in 0 ms
[DEBUG] Using new Channel '[id: 0xb18070ec, L:/127.0.0.1:50563 - R:localhost/127.0.0.1:56396]' for 'POST' to '/session'
[DEBUG] 

Request DefaultHttpRequest(decodeResult: success, version: HTTP/1.1)
POST /session HTTP/1.1
User-Agent: selenium/4.2.1 (java windows)
Content-Length: 365
Content-Type: application/json; charset=utf-8
host: localhost:56396
accept: */*

Response DefaultHttpResponse(decodeResult: success, version: HTTP/1.1)
HTTP/1.1 200 OK
Content-Type: application/json; charset=utf-8
cache-control: no-cache
content-length: 794

[DEBUG] Adding key: http://localhost:56396 for channel [id: 0xb18070ec, L:/127.0.0.1:50563 - R:localhost/127.0.0.1:56396]
[DEBUG] Using new Channel '[id: 0x32443072, L:/127.0.0.1:50570 - R:localhost/127.0.0.1:50564]' for 'GET' to '/json/version'
[DEBUG] 

Request DefaultFullHttpRequest(decodeResult: success, version: HTTP/1.1, content: EmptyByteBufBE)
GET /json/version HTTP/1.1
User-Agent: selenium/4.2.1 (java windows)
host: localhost:50564
accept: */*

Response DefaultHttpResponse(decodeResult: success, version: HTTP/1.1)
HTTP/1.1 200 OK
Content-Type: application/json; charset=UTF-8
content-length: 422

[DEBUG] Adding key: http://localhost:50564 for channel [id: 0x32443072, L:/127.0.0.1:50570 - R:localhost/127.0.0.1:50564]
[DEBUG] Using new Channel '[id: 0xbf7b2135, L:/127.0.0.1:50571 - R:localhost/127.0.0.1:50564]' for 'GET' to '/devtools/browser/371d76eb-72e4-4c62-8eba-ea1ed3cbb3b5'
[DEBUG] 

Request DefaultFullHttpRequest(decodeResult: success, version: HTTP/1.1, content: EmptyByteBufBE)
GET /devtools/browser/371d76eb-72e4-4c62-8eba-ea1ed3cbb3b5 HTTP/1.1
upgrade: websocket
connection: upgrade
sec-websocket-key: ceJctxG9+EWIdBS3RP5Ejw==
sec-websocket-version: 13
origin: http://localhost:50564
host: localhost:50564
accept: */*
user-agent: AHC/2.1

Response DefaultHttpResponse(decodeResult: success, version: HTTP/1.1)
HTTP/1.1 101 WebSocket Protocol Handshake
Upgrade: WebSocket
Connection: Upgrade
Sec-WebSocket-Accept: 0PRpZ4ou2NrdW1pQxYrjDlB5/CE=

[DEBUG] Using pooled Channel '[id: 0xb18070ec, L:/127.0.0.1:50563 - R:localhost/127.0.0.1:56396]' for 'DELETE' to 'http://localhost:56396/session/315732d3a2ebb7c5a3981b6f7266cdab/cookie'
[DEBUG] Using open Channel [id: 0xb18070ec, L:/127.0.0.1:50563 - R:localhost/127.0.0.1:56396] for DELETE '/session/315732d3a2ebb7c5a3981b6f7266cdab/cookie'
[DEBUG] 

Request DefaultFullHttpRequest(decodeResult: success, version: HTTP/1.1, content: EmptyByteBufBE)
DELETE /session/315732d3a2ebb7c5a3981b6f7266cdab/cookie HTTP/1.1
User-Agent: selenium/4.2.1 (java windows)
Content-Type: application/json; charset=utf-8
host: localhost:56396
accept: */*

Response DefaultHttpResponse(decodeResult: success, version: HTTP/1.1)
HTTP/1.1 200 OK
Content-Type: application/json; charset=utf-8
cache-control: no-cache
content-length: 14

[DEBUG] Adding key: http://localhost:56396 for channel [id: 0xb18070ec, L:/127.0.0.1:50563 - R:localhost/127.0.0.1:56396]
[DEBUG] Using pooled Channel '[id: 0xb18070ec, L:/127.0.0.1:50563 - R:localhost/127.0.0.1:56396]' for 'POST' to 'http://localhost:56396/session/315732d3a2ebb7c5a3981b6f7266cdab/window/maximize'
[DEBUG] Using open Channel [id: 0xb18070ec, L:/127.0.0.1:50563 - R:localhost/127.0.0.1:56396] for POST '/session/315732d3a2ebb7c5a3981b6f7266cdab/window/maximize'
[DEBUG] 

Request DefaultHttpRequest(decodeResult: success, version: HTTP/1.1)
POST /session/315732d3a2ebb7c5a3981b6f7266cdab/window/maximize HTTP/1.1
User-Agent: selenium/4.2.1 (java windows)
Content-Length: 3
Content-Type: application/json; charset=utf-8
host: localhost:56396
accept: */*

Response DefaultHttpResponse(decodeResult: success, version: HTTP/1.1)
HTTP/1.1 200 OK
Content-Type: application/json; charset=utf-8
cache-control: no-cache
content-length: 51

[DEBUG] Adding key: http://localhost:56396 for channel [id: 0xb18070ec, L:/127.0.0.1:50563 - R:localhost/127.0.0.1:56396]
[FATAL] 2023-01-16 17:46:24.799 [main] Stepdefs - Setup executed...
[INFO ] 2023-01-16 17:46:24.799 [main] Stepdefs - The Type of Automation is web
[DEBUG] Using pooled Channel '[id: 0xb18070ec, L:/127.0.0.1:50563 - R:localhost/127.0.0.1:56396]' for 'POST' to 'http://localhost:56396/session/315732d3a2ebb7c5a3981b6f7266cdab/url'
[DEBUG] Using open Channel [id: 0xb18070ec, L:/127.0.0.1:50563 - R:localhost/127.0.0.1:56396] for POST '/session/315732d3a2ebb7c5a3981b6f7266cdab/url'
[DEBUG] Entry count for : http://localhost:50564 : 1
[DEBUG] Entry count for : http://localhost:50564 : 1
[DEBUG] Entry count for : http://localhost:50564 : 1
[DEBUG] 

Request DefaultHttpRequest(decodeResult: success, version: HTTP/1.1)
POST /session/315732d3a2ebb7c5a3981b6f7266cdab/url HTTP/1.1
User-Agent: selenium/4.2.1 (java windows)
Content-Length: 65
Content-Type: application/json; charset=utf-8
host: localhost:56396
accept: */*

Response DefaultHttpResponse(decodeResult: success, version: HTTP/1.1)
HTTP/1.1 200 OK
Content-Type: application/json; charset=utf-8
cache-control: no-cache
content-length: 14

[DEBUG] Adding key: http://localhost:56396 for channel [id: 0xb18070ec, L:/127.0.0.1:50563 - R:localhost/127.0.0.1:56396]
[INFO ] 2023-01-16 17:46:28.048 [main] Stepdefs - Navigated to web url
[DEBUG] Using pooled Channel '[id: 0xb18070ec, L:/127.0.0.1:50563 - R:localhost/127.0.0.1:56396]' for 'GET' to 'http://localhost:56396/session/315732d3a2ebb7c5a3981b6f7266cdab/title'
[DEBUG] Using open Channel [id: 0xb18070ec, L:/127.0.0.1:50563 - R:localhost/127.0.0.1:56396] for GET '/session/315732d3a2ebb7c5a3981b6f7266cdab/title'
[DEBUG] 

Request DefaultFullHttpRequest(decodeResult: success, version: HTTP/1.1, content: EmptyByteBufBE)
GET /session/315732d3a2ebb7c5a3981b6f7266cdab/title HTTP/1.1
User-Agent: selenium/4.2.1 (java windows)
Cache-Control: no-cache
Content-Type: application/json; charset=utf-8
host: localhost:56396
accept: */*

Response DefaultHttpResponse(decodeResult: success, version: HTTP/1.1)
HTTP/1.1 200 OK
Content-Type: application/json; charset=utf-8
cache-control: no-cache
content-length: 41

[DEBUG] Adding key: http://localhost:56396 for channel [id: 0xb18070ec, L:/127.0.0.1:50563 - R:localhost/127.0.0.1:56396]
[INFO ] 2023-01-16 17:46:28.054 [main] Stepdefs - Test passed: Login feature :Page title matched.
[DEBUG] Using pooled Channel '[id: 0xb18070ec, L:/127.0.0.1:50563 - R:localhost/127.0.0.1:56396]' for 'POST' to 'http://localhost:56396/session/315732d3a2ebb7c5a3981b6f7266cdab/element'
[DEBUG] Using open Channel [id: 0xb18070ec, L:/127.0.0.1:50563 - R:localhost/127.0.0.1:56396] for POST '/session/315732d3a2ebb7c5a3981b6f7266cdab/element'
[DEBUG] 

Request DefaultHttpRequest(decodeResult: success, version: HTTP/1.1)
POST /session/315732d3a2ebb7c5a3981b6f7266cdab/element HTTP/1.1
User-Agent: selenium/4.2.1 (java windows)
Content-Length: 78
Content-Type: application/json; charset=utf-8
host: localhost:56396
accept: */*

Response DefaultHttpResponse(decodeResult: success, version: HTTP/1.1)
HTTP/1.1 200 OK
Content-Type: application/json; charset=utf-8
cache-control: no-cache
content-length: 88

[DEBUG] Adding key: http://localhost:56396 for channel [id: 0xb18070ec, L:/127.0.0.1:50563 - R:localhost/127.0.0.1:56396]
[DEBUG] Using pooled Channel '[id: 0xb18070ec, L:/127.0.0.1:50563 - R:localhost/127.0.0.1:56396]' for 'POST' to 'http://localhost:56396/session/315732d3a2ebb7c5a3981b6f7266cdab/execute/sync'
[DEBUG] Using open Channel [id: 0xb18070ec, L:/127.0.0.1:50563 - R:localhost/127.0.0.1:56396] for POST '/session/315732d3a2ebb7c5a3981b6f7266cdab/execute/sync'
[DEBUG] 

Request DefaultHttpRequest(decodeResult: success, version: HTTP/1.1)
POST /session/315732d3a2ebb7c5a3981b6f7266cdab/execute/sync HTTP/1.1
User-Agent: selenium/4.2.1 (java windows)
Content-Length: 269
Content-Type: application/json; charset=utf-8
host: localhost:56396
accept: */*

Response DefaultHttpResponse(decodeResult: success, version: HTTP/1.1)
HTTP/1.1 200 OK
Content-Type: application/json; charset=utf-8
cache-control: no-cache
content-length: 14

[DEBUG] Adding key: http://localhost:56396 for channel [id: 0xb18070ec, L:/127.0.0.1:50563 - R:localhost/127.0.0.1:56396]
[DEBUG] Using pooled Channel '[id: 0xb18070ec, L:/127.0.0.1:50563 - R:localhost/127.0.0.1:56396]' for 'POST' to 'http://localhost:56396/session/315732d3a2ebb7c5a3981b6f7266cdab/element'
[DEBUG] Using open Channel [id: 0xb18070ec, L:/127.0.0.1:50563 - R:localhost/127.0.0.1:56396] for POST '/session/315732d3a2ebb7c5a3981b6f7266cdab/element'
[DEBUG] 

Request DefaultHttpRequest(decodeResult: success, version: HTTP/1.1)
POST /session/315732d3a2ebb7c5a3981b6f7266cdab/element HTTP/1.1
User-Agent: selenium/4.2.1 (java windows)
Content-Length: 78
Content-Type: application/json; charset=utf-8
host: localhost:56396
accept: */*

Response DefaultHttpResponse(decodeResult: success, version: HTTP/1.1)
HTTP/1.1 200 OK
Content-Type: application/json; charset=utf-8
cache-control: no-cache
content-length: 88

[DEBUG] Adding key: http://localhost:56396 for channel [id: 0xb18070ec, L:/127.0.0.1:50563 - R:localhost/127.0.0.1:56396]
[DEBUG] Using pooled Channel '[id: 0xb18070ec, L:/127.0.0.1:50563 - R:localhost/127.0.0.1:56396]' for 'POST' to 'http://localhost:56396/session/315732d3a2ebb7c5a3981b6f7266cdab/element/e1ad5a67-def0-42da-bd12-739f1083fa69/click'
[DEBUG] Using open Channel [id: 0xb18070ec, L:/127.0.0.1:50563 - R:localhost/127.0.0.1:56396] for POST '/session/315732d3a2ebb7c5a3981b6f7266cdab/element/e1ad5a67-def0-42da-bd12-739f1083fa69/click'
[DEBUG] Entry count for : http://localhost:50564 : 1
[DEBUG] 

Request DefaultHttpRequest(decodeResult: success, version: HTTP/1.1)
POST /session/315732d3a2ebb7c5a3981b6f7266cdab/element/e1ad5a67-def0-42da-bd12-739f1083fa69/click HTTP/1.1
User-Agent: selenium/4.2.1 (java windows)
Content-Length: 50
Content-Type: application/json; charset=utf-8
host: localhost:56396
accept: */*

Response DefaultHttpResponse(decodeResult: success, version: HTTP/1.1)
HTTP/1.1 200 OK
Content-Type: application/json; charset=utf-8
cache-control: no-cache
content-length: 14

[DEBUG] Adding key: http://localhost:56396 for channel [id: 0xb18070ec, L:/127.0.0.1:50563 - R:localhost/127.0.0.1:56396]
[DEBUG] Using pooled Channel '[id: 0xb18070ec, L:/127.0.0.1:50563 - R:localhost/127.0.0.1:56396]' for 'POST' to 'http://localhost:56396/session/315732d3a2ebb7c5a3981b6f7266cdab/timeouts'
[DEBUG] Using open Channel [id: 0xb18070ec, L:/127.0.0.1:50563 - R:localhost/127.0.0.1:56396] for POST '/session/315732d3a2ebb7c5a3981b6f7266cdab/timeouts'
[DEBUG] 

Request DefaultHttpRequest(decodeResult: success, version: HTTP/1.1)
POST /session/315732d3a2ebb7c5a3981b6f7266cdab/timeouts HTTP/1.1
User-Agent: selenium/4.2.1 (java windows)
Content-Length: 22
Content-Type: application/json; charset=utf-8
host: localhost:56396
accept: */*

Response DefaultHttpResponse(decodeResult: success, version: HTTP/1.1)
HTTP/1.1 200 OK
Content-Type: application/json; charset=utf-8
cache-control: no-cache
content-length: 14

[DEBUG] Adding key: http://localhost:56396 for channel [id: 0xb18070ec, L:/127.0.0.1:50563 - R:localhost/127.0.0.1:56396]
[INFO ] 2023-01-16 17:46:28.606 [main] Stepdefs - Navigated to Client Side Delay page
[DEBUG] Using pooled Channel '[id: 0xb18070ec, L:/127.0.0.1:50563 - R:localhost/127.0.0.1:56396]' for 'GET' to 'http://localhost:56396/session/315732d3a2ebb7c5a3981b6f7266cdab/title'
[DEBUG] Using open Channel [id: 0xb18070ec, L:/127.0.0.1:50563 - R:localhost/127.0.0.1:56396] for GET '/session/315732d3a2ebb7c5a3981b6f7266cdab/title'
[DEBUG] 

Request DefaultFullHttpRequest(decodeResult: success, version: HTTP/1.1, content: EmptyByteBufBE)
GET /session/315732d3a2ebb7c5a3981b6f7266cdab/title HTTP/1.1
User-Agent: selenium/4.2.1 (java windows)
Cache-Control: no-cache
Content-Type: application/json; charset=utf-8
host: localhost:56396
accept: */*

Response DefaultHttpResponse(decodeResult: success, version: HTTP/1.1)
HTTP/1.1 200 OK
Content-Type: application/json; charset=utf-8
cache-control: no-cache
content-length: 29

[DEBUG] Adding key: http://localhost:56396 for channel [id: 0xb18070ec, L:/127.0.0.1:50563 - R:localhost/127.0.0.1:56396]
[INFO ] 2023-01-16 17:46:28.611 [main] Stepdefs - Test passed: Login feature :Page title matched.
[DEBUG] Using pooled Channel '[id: 0xb18070ec, L:/127.0.0.1:50563 - R:localhost/127.0.0.1:56396]' for 'POST' to 'http://localhost:56396/session/315732d3a2ebb7c5a3981b6f7266cdab/element'
[DEBUG] Using open Channel [id: 0xb18070ec, L:/127.0.0.1:50563 - R:localhost/127.0.0.1:56396] for POST '/session/315732d3a2ebb7c5a3981b6f7266cdab/element'
[DEBUG] 

Request DefaultHttpRequest(decodeResult: success, version: HTTP/1.1)
[...]
[DEBUG] Entry count for : http://localhost:50564 : 1
[DEBUG] Adding Candidate expired Channel [id: 0xb18070ec, L:/127.0.0.1:50563 ! R:localhost/127.0.0.1:56396] isIdleTimeoutExpired=false isRemotelyClosed=true isTtlExpired=false
[DEBUG] Closing Idle Channel [id: 0xb18070ec, L:/127.0.0.1:50563 ! R:localhost/127.0.0.1:56396]
[DEBUG] Adding Candidate expired Channel [id: 0x32443072, L:/127.0.0.1:50570 ! R:localhost/127.0.0.1:50564] isIdleTimeoutExpired=false isRemotelyClosed=true isTtlExpired=false
[DEBUG] Closing Idle Channel [id: 0x32443072, L:/127.0.0.1:50570 ! R:localhost/127.0.0.1:50564]
[DEBUG] Closed 2 connections out of 2 in 0 ms
[DEBUG] Get connection for route {s}->https://petstore.swagger.io:443
[DEBUG] Connecting to petstore.swagger.io:443
[DEBUG] CookieSpec selected: ignoreCookies
[DEBUG] Auth cache not set in the context
[DEBUG] Target auth state: UNCHALLENGED
[DEBUG] Proxy auth state: UNCHALLENGED
[DEBUG] Attempt 1 to execute request
[DEBUG] Sending request: POST /v2/user HTTP/1.1
[DEBUG]  >> "POST /v2/user HTTP/1.1[\r][\n]"
[DEBUG]  >> "accept: application/json[\r][\n]"
[DEBUG]  >> "Content-Type: application/json; charset=UTF-8[\r][\n]"
[DEBUG]  >> "Content-Length: 145[\r][\n]"
[DEBUG]  >> "Host: petstore.swagger.io[\r][\n]"
[DEBUG]  >> "Connection: Keep-Alive[\r][\n]"
[DEBUG]  >> "User-Agent: Apache-HttpClient/4.5.3 (Java/11.0.2)[\r][\n]"
[DEBUG]  >> "Accept-Encoding: gzip,deflate[\r][\n]"
[DEBUG]  >> "[\r][\n]"
[DEBUG] >> POST /v2/user HTTP/1.1
[DEBUG] >> accept: application/json
[DEBUG] >> Content-Type: application/json; charset=UTF-8
[DEBUG] >> Content-Length: 145
[DEBUG] >> Host: petstore.swagger.io
[DEBUG] >> Connection: Keep-Alive
[DEBUG] >> User-Agent: Apache-HttpClient/4.5.3 (Java/11.0.2)
[DEBUG] >> Accept-Encoding: gzip,deflate
[DEBUG]  >> "{"firstName":"Mr","lastName":"Wadhwa","password":"123@","userStatus":1,"phone":1253682901,"id":1000,"email":"rohit@gmail.com","username":"rohit"}"
[DEBUG]  << "HTTP/1.1 200 OK[\r][\n]"
[DEBUG]  << "Date: Mon, 16 Jan 2023 12:16:46 GMT[\r][\n]"
[DEBUG]  << "Content-Type: application/json[\r][\n]"
[DEBUG]  << "Transfer-Encoding: chunked[\r][\n]"
[DEBUG]  << "Connection: keep-alive[\r][\n]"
[DEBUG]  << "Access-Control-Allow-Origin: *[\r][\n]"
[DEBUG]  << "Access-Control-Allow-Methods: GET, POST, DELETE, PUT[\r][\n]"
[DEBUG]  << "Access-Control-Allow-Headers: Content-Type, api_key, Authorization[\r][\n]"
[DEBUG]  << "Server: Jetty(9.2.9.v20150224)[\r][\n]"
[DEBUG]  << "[\r][\n]"
[DEBUG] Receiving response: HTTP/1.1 200 OK
[DEBUG] << HTTP/1.1 200 OK
[DEBUG] << Date: Mon, 16 Jan 2023 12:16:46 GMT
[DEBUG] << Content-Type: application/json
[DEBUG] << Transfer-Encoding: chunked
[DEBUG] << Connection: keep-alive
[DEBUG] << Access-Control-Allow-Origin: *
[DEBUG] << Access-Control-Allow-Methods: GET, POST, DELETE, PUT
[DEBUG] << Access-Control-Allow-Headers: Content-Type, api_key, Authorization
[DEBUG] << Server: Jetty(9.2.9.v20150224)
[DEBUG] Connection can be kept alive indefinitely
[DEBUG] Parsing response as: application/json
[DEBUG] Parsed data to instance of: class org.apache.http.conn.EofSensorInputStream
[DEBUG]  << "2e[\r][\n]"
[DEBUG]  << "{"code":200,"type":"unknown","message":"1000"}"
[DEBUG]  << "[\r][\n]"
[DEBUG]  << "0[\r][\n]"
[DEBUG]  << "[\r][\n]"
[DEBUG] Releasing connection org.apache.http.impl.conn.ManagedClientConnectionImpl@13809363
[DEBUG] Connection can be kept alive indefinitely
{
    "code": 200,
    "type": "unknown",
    "message": "1000"
}
[INFO] Logging to Logger[org.mortbay.log] via org.mortbay.log.Slf4jLog
[INFO] User is created
]]></system-out>
    <system-err><![CDATA[┌───────────────────────────────────────────────────────────────────────────────────┐
│ Share your Cucumber Report with your team at https://reports.cucumber.io          │
│ Activate publishing with one of the following:                                    │
│                                                                                   │
│ src/test/resources/cucumber.properties:          cucumber.publish.enabled=true    │
│ src/test/resources/junit-platform.properties:    cucumber.publish.enabled=true    │
│ Environment variable:                            CUCUMBER_PUBLISH_ENABLED=true    │
│ JUnit:                                           @CucumberOptions(publish = true) │
│                                                                                   │
│ More information at https://cucumber.io/docs/cucumber/environment-variables/      │
│                                                                                   │
│ Disable this message with one of the following:                                   │
│                                                                                   │
│ src/test/resources/cucumber.properties:          cucumber.publish.quiet=true      │
│ src/test/resources/junit-platform.properties:    cucumber.publish.quiet=true      │
└───────────────────────────────────────────────────────────────────────────────────┘
]]></system-err>
  </testcase>
  <testcase name="getUser01" classname="com.spritecloud.testRunner.UserOperationsRun" time="1.184">
    <system-out><![CDATA[[DEBUG] Get connection for route {s}->https://petstore.swagger.io:443
[DEBUG] Connecting to petstore.swagger.io:443
[DEBUG] CookieSpec selected: ignoreCookies
[DEBUG] Auth cache not set in the context
[DEBUG] Target auth state: UNCHALLENGED
[DEBUG] Proxy auth state: UNCHALLENGED
[DEBUG] Attempt 1 to execute request
[DEBUG] Sending request: GET /v2/user/rohit HTTP/1.1
[DEBUG]  >> "GET /v2/user/rohit HTTP/1.1[\r][\n]"
[DEBUG]  >> "Accept: */*[\r][\n]"
[DEBUG]  >> "Host: petstore.swagger.io[\r][\n]"
[DEBUG]  >> "Connection: Keep-Alive[\r][\n]"
[DEBUG]  >> "User-Agent: Apache-HttpClient/4.5.3 (Java/11.0.2)[\r][\n]"
[DEBUG]  >> "Accept-Encoding: gzip,deflate[\r][\n]"
[DEBUG]  >> "[\r][\n]"
[DEBUG] >> GET /v2/user/rohit HTTP/1.1
[DEBUG] >> Accept: */*
[DEBUG] >> Host: petstore.swagger.io
[DEBUG] >> Connection: Keep-Alive
[DEBUG] >> User-Agent: Apache-HttpClient/4.5.3 (Java/11.0.2)
[DEBUG] >> Accept-Encoding: gzip,deflate
[DEBUG]  << "HTTP/1.1 200 OK[\r][\n]"
[DEBUG]  << "Date: Mon, 16 Jan 2023 12:16:48 GMT[\r][\n]"
[DEBUG]  << "Content-Type: application/json[\r][\n]"
[DEBUG]  << "Transfer-Encoding: chunked[\r][\n]"
[DEBUG]  << "Connection: keep-alive[\r][\n]"
[DEBUG]  << "Access-Control-Allow-Origin: *[\r][\n]"
[DEBUG]  << "Access-Control-Allow-Methods: GET, POST, DELETE, PUT[\r][\n]"
[DEBUG]  << "Access-Control-Allow-Headers: Content-Type, api_key, Authorization[\r][\n]"
[DEBUG]  << "Server: Jetty(9.2.9.v20150224)[\r][\n]"
[DEBUG]  << "[\r][\n]"
[DEBUG] Receiving response: HTTP/1.1 200 OK
[DEBUG] << HTTP/1.1 200 OK
[DEBUG] << Date: Mon, 16 Jan 2023 12:16:48 GMT
[DEBUG] << Content-Type: application/json
[DEBUG] << Transfer-Encoding: chunked
[DEBUG] << Connection: keep-alive
[DEBUG] << Access-Control-Allow-Origin: *
[DEBUG] << Access-Control-Allow-Methods: GET, POST, DELETE, PUT
[DEBUG] << Access-Control-Allow-Headers: Content-Type, api_key, Authorization
[DEBUG] << Server: Jetty(9.2.9.v20150224)
[DEBUG] Connection can be kept alive indefinitely
[DEBUG] Parsing response as: application/json
[DEBUG] Parsed data to instance of: class org.apache.http.conn.EofSensorInputStream
[DEBUG]  << "93[\r][\n]"
[DEBUG]  << "{"id":1000,"username":"rohit","firstName":"Mr","lastName":"Wadhwa","email":"rohit@gmail.com","password":"123@","phone":"1253682901","userStatus":1}"
[DEBUG]  << "[\r][\n]"
[DEBUG]  << "0[\r][\n]"
[DEBUG]  << "[\r][\n]"
[DEBUG] Releasing connection org.apache.http.impl.conn.ManagedClientConnectionImpl@1c22642d
[DEBUG] Connection can be kept alive indefinitely
{"id":1000,"username":"rohit","firstName":"Mr","lastName":"Wadhwa","email":"rohit@gmail.com","password":"123@","phone":"1253682901","userStatus":1}
200
{"id":1000,"username":"rohit","firstName":"Mr","lastName":"Wadhwa","email":"rohit@gmail.com","password":"123@","phone":"1253682901","userStatus":1}
1151
Date=Mon, 16 Jan 2023 12:16:48 GMT
Content-Type=application/json
Transfer-Encoding=chunked
Connection=keep-alive
Access-Control-Allow-Origin=*
Access-Control-Allow-Methods=GET, POST, DELETE, PUT
Access-Control-Allow-Headers=Content-Type, api_key, Authorization
Server=Jetty(9.2.9.v20150224)
null
application/json
]]></system-out>
  </testcase>
  <testcase name="getUser02" classname="com.spritecloud.testRunner.UserOperationsRun" time="1.446">
    <system-out><![CDATA[[DEBUG] Get connection for route {s}->https://petstore.swagger.io:443
[DEBUG] Connecting to petstore.swagger.io:443
[DEBUG] CookieSpec selected: ignoreCookies
[DEBUG] Auth cache not set in the context
[DEBUG] Target auth state: UNCHALLENGED
[DEBUG] Proxy auth state: UNCHALLENGED
[DEBUG] Attempt 1 to execute request
[DEBUG] Sending request: GET /v2/user/rohit HTTP/1.1
[DEBUG]  >> "GET /v2/user/rohit HTTP/1.1[\r][\n]"
[DEBUG]  >> "Content-Type: application/json; charset=UTF-8[\r][\n]"
[DEBUG]  >> "accept: application/json[\r][\n]"
[DEBUG]  >> "Host: petstore.swagger.io[\r][\n]"
[DEBUG]  >> "Connection: Keep-Alive[\r][\n]"
[DEBUG]  >> "User-Agent: Apache-HttpClient/4.5.3 (Java/11.0.2)[\r][\n]"
[DEBUG]  >> "Accept-Encoding: gzip,deflate[\r][\n]"
[DEBUG]  >> "[\r][\n]"
[DEBUG] >> GET /v2/user/rohit HTTP/1.1
[DEBUG] >> Content-Type: application/json; charset=UTF-8
[DEBUG] >> accept: application/json
[DEBUG] >> Host: petstore.swagger.io
[DEBUG] >> Connection: Keep-Alive
[DEBUG] >> User-Agent: Apache-HttpClient/4.5.3 (Java/11.0.2)
[DEBUG] >> Accept-Encoding: gzip,deflate
[DEBUG]  << "HTTP/1.1 200 OK[\r][\n]"
[DEBUG]  << "Date: Mon, 16 Jan 2023 12:16:49 GMT[\r][\n]"
[DEBUG]  << "Content-Type: application/json[\r][\n]"
[DEBUG]  << "Transfer-Encoding: chunked[\r][\n]"
[DEBUG]  << "Connection: keep-alive[\r][\n]"
[DEBUG]  << "Access-Control-Allow-Origin: *[\r][\n]"
[DEBUG]  << "Access-Control-Allow-Methods: GET, POST, DELETE, PUT[\r][\n]"
[DEBUG]  << "Access-Control-Allow-Headers: Content-Type, api_key, Authorization[\r][\n]"
[DEBUG]  << "Server: Jetty(9.2.9.v20150224)[\r][\n]"
[DEBUG]  << "[\r][\n]"
[DEBUG] Receiving response: HTTP/1.1 200 OK
[DEBUG] << HTTP/1.1 200 OK
[DEBUG] << Date: Mon, 16 Jan 2023 12:16:49 GMT
[DEBUG] << Content-Type: application/json
[DEBUG] << Transfer-Encoding: chunked
[DEBUG] << Connection: keep-alive
[DEBUG] << Access-Control-Allow-Origin: *
[DEBUG] << Access-Control-Allow-Methods: GET, POST, DELETE, PUT
[DEBUG] << Access-Control-Allow-Headers: Content-Type, api_key, Authorization
[DEBUG] << Server: Jetty(9.2.9.v20150224)
[DEBUG] Connection can be kept alive indefinitely
[DEBUG] Parsing response as: application/json
[DEBUG] Parsed data to instance of: class org.apache.http.conn.EofSensorInputStream
[DEBUG]  << "93[\r][\n]"
[DEBUG]  << "{"id":1000,"username":"rohit","firstName":"Mr","lastName":"Wadhwa","email":"rohit@gmail.com","password":"123@","phone":"1253682901","userStatus":1}"
[DEBUG]  << "[\r][\n]"
[DEBUG]  << "0[\r][\n]"
[DEBUG]  << "[\r][\n]"
[DEBUG] Releasing connection org.apache.http.impl.conn.ManagedClientConnectionImpl@53917c92
[DEBUG] Connection can be kept alive indefinitely
HTTP/1.1 200 OK
Date: Mon, 16 Jan 2023 12:16:49 GMT
Content-Type: application/json
Transfer-Encoding: chunked
Connection: keep-alive
Access-Control-Allow-Origin: *
Access-Control-Allow-Methods: GET, POST, DELETE, PUT
Access-Control-Allow-Headers: Content-Type, api_key, Authorization
Server: Jetty(9.2.9.v20150224)

{
    "id": 1000,
    "username": "rohit",
    "firstName": "Mr",
    "lastName": "Wadhwa",
    "email": "rohit@gmail.com",
    "password": "123@",
    "phone": "1253682901",
    "userStatus": 1
}
]]></system-out>
  </testcase>
  <testcase name="updateUser" classname="com.spritecloud.testRunner.UserOperationsRun" time="1.225">
    <system-out><![CDATA[{firstName=Mr new, lastName=Wadhwa2, password=123@, userStatus=1, phone=1253682901, id=1000, email=rohi2t@gmail.com, username=rohit}[DEBUG] Get connection for route {s}->https://petstore.swagger.io:443
[DEBUG] Connecting to petstore.swagger.io:443
[DEBUG] CookieSpec selected: ignoreCookies
[DEBUG] Auth cache not set in the context
[DEBUG] Target auth state: UNCHALLENGED
[DEBUG] Proxy auth state: UNCHALLENGED
[DEBUG] Attempt 1 to execute request
[DEBUG] Sending request: PUT /v2/user/rohit HTTP/1.1
[DEBUG]  >> "PUT /v2/user/rohit HTTP/1.1[\r][\n]"
[DEBUG]  >> "accept: application/json[\r][\n]"
[DEBUG]  >> "Content-Type: application/json; charset=UTF-8[\r][\n]"
[DEBUG]  >> "Content-Length: 151[\r][\n]"
[DEBUG]  >> "Host: petstore.swagger.io[\r][\n]"
[DEBUG]  >> "Connection: Keep-Alive[\r][\n]"
[DEBUG]  >> "User-Agent: Apache-HttpClient/4.5.3 (Java/11.0.2)[\r][\n]"
[DEBUG]  >> "Accept-Encoding: gzip,deflate[\r][\n]"
[DEBUG]  >> "[\r][\n]"
[DEBUG] >> PUT /v2/user/rohit HTTP/1.1
[DEBUG] >> accept: application/json
[DEBUG] >> Content-Type: application/json; charset=UTF-8
[DEBUG] >> Content-Length: 151
[DEBUG] >> Host: petstore.swagger.io
[DEBUG] >> Connection: Keep-Alive
[DEBUG] >> User-Agent: Apache-HttpClient/4.5.3 (Java/11.0.2)
[DEBUG] >> Accept-Encoding: gzip,deflate
[DEBUG]  >> "{"firstName":"Mr new","lastName":"Wadhwa2","password":"123@","userStatus":1,"phone":1253682901,"id":1000,"email":"rohi2t@gmail.com","username":"rohit"}"
[DEBUG]  << "HTTP/1.1 200 OK[\r][\n]"
[DEBUG]  << "Date: Mon, 16 Jan 2023 12:16:50 GMT[\r][\n]"
[DEBUG]  << "Content-Type: application/json[\r][\n]"
[DEBUG]  << "Transfer-Encoding: chunked[\r][\n]"
[DEBUG]  << "Connection: keep-alive[\r][\n]"
[DEBUG]  << "Access-Control-Allow-Origin: *[\r][\n]"
[DEBUG]  << "Access-Control-Allow-Methods: GET, POST, DELETE, PUT[\r][\n]"
[DEBUG]  << "Access-Control-Allow-Headers: Content-Type, api_key, Authorization[\r][\n]"
[DEBUG]  << "Server: Jetty(9.2.9.v20150224)[\r][\n]"
[DEBUG]  << "[\r][\n]"
[DEBUG] Receiving response: HTTP/1.1 200 OK
[DEBUG] << HTTP/1.1 200 OK
[DEBUG] << Date: Mon, 16 Jan 2023 12:16:50 GMT
[DEBUG] << Content-Type: application/json
[DEBUG] << Transfer-Encoding: chunked
[DEBUG] << Connection: keep-alive
[DEBUG] << Access-Control-Allow-Origin: *
[DEBUG] << Access-Control-Allow-Methods: GET, POST, DELETE, PUT
[DEBUG] << Access-Control-Allow-Headers: Content-Type, api_key, Authorization
[DEBUG] << Server: Jetty(9.2.9.v20150224)
[DEBUG] Connection can be kept alive indefinitely
[DEBUG] Parsing response as: application/json
[DEBUG] Parsed data to instance of: class org.apache.http.conn.EofSensorInputStream
[DEBUG]  << "2e[\r][\n]"
[DEBUG]  << "{"code":200,"type":"unknown","message":"1000"}"
[DEBUG]  << "[\r][\n]"
[DEBUG]  << "0[\r][\n]"
[DEBUG]  << "[\r][\n]"
[DEBUG] Releasing connection org.apache.http.impl.conn.ManagedClientConnectionImpl@7b6b466a
[DEBUG] Connection can be kept alive indefinitely
{
    "code": 200,
    "type": "unknown",
    "message": "1000"
}
[INFO] User is Updated
]]></system-out>
  </testcase>
  <testcase name="deleteUser" classname="com.spritecloud.testRunner.UserOperationsRun" time="2.924">
    <system-out><![CDATA[[DEBUG] Get connection for route {s}->https://petstore.swagger.io:443
[DEBUG] Connecting to petstore.swagger.io:443
[DEBUG] CookieSpec selected: ignoreCookies
[DEBUG] Auth cache not set in the context
[DEBUG] Target auth state: UNCHALLENGED
[DEBUG] Proxy auth state: UNCHALLENGED
[DEBUG] Attempt 1 to execute request
[DEBUG] Sending request: DELETE /v2/user/rohit HTTP/1.1
[DEBUG]  >> "DELETE /v2/user/rohit HTTP/1.1[\r][\n]"
[DEBUG]  >> "Accept: */*[\r][\n]"
[DEBUG]  >> "Host: petstore.swagger.io[\r][\n]"
[DEBUG]  >> "Connection: Keep-Alive[\r][\n]"
[DEBUG]  >> "User-Agent: Apache-HttpClient/4.5.3 (Java/11.0.2)[\r][\n]"
[DEBUG]  >> "Accept-Encoding: gzip,deflate[\r][\n]"
[DEBUG]  >> "[\r][\n]"
[DEBUG] >> DELETE /v2/user/rohit HTTP/1.1
[DEBUG] >> Accept: */*
[DEBUG] >> Host: petstore.swagger.io
[DEBUG] >> Connection: Keep-Alive
[DEBUG] >> User-Agent: Apache-HttpClient/4.5.3 (Java/11.0.2)
[DEBUG] >> Accept-Encoding: gzip,deflate
[DEBUG]  << "HTTP/1.1 200 OK[\r][\n]"
[DEBUG]  << "Date: Mon, 16 Jan 2023 12:16:52 GMT[\r][\n]"
[DEBUG]  << "Content-Type: application/json[\r][\n]"
[DEBUG]  << "Transfer-Encoding: chunked[\r][\n]"
[DEBUG]  << "Connection: keep-alive[\r][\n]"
[DEBUG]  << "Access-Control-Allow-Origin: *[\r][\n]"
[DEBUG]  << "Access-Control-Allow-Methods: GET, POST, DELETE, PUT[\r][\n]"
[DEBUG]  << "Access-Control-Allow-Headers: Content-Type, api_key, Authorization[\r][\n]"
[DEBUG]  << "Server: Jetty(9.2.9.v20150224)[\r][\n]"
[DEBUG]  << "[\r][\n]"
[DEBUG] Receiving response: HTTP/1.1 200 OK
[DEBUG] << HTTP/1.1 200 OK
[DEBUG] << Date: Mon, 16 Jan 2023 12:16:52 GMT
[DEBUG] << Content-Type: application/json
[DEBUG] << Transfer-Encoding: chunked
[DEBUG] << Connection: keep-alive
[DEBUG] << Access-Control-Allow-Origin: *
[DEBUG] << Access-Control-Allow-Methods: GET, POST, DELETE, PUT
[DEBUG] << Access-Control-Allow-Headers: Content-Type, api_key, Authorization
[DEBUG] << Server: Jetty(9.2.9.v20150224)
[DEBUG] Connection can be kept alive indefinitely
[DEBUG] Parsing response as: application/json
[DEBUG] Parsed data to instance of: class org.apache.http.conn.EofSensorInputStream
[DEBUG]  << "2f[\r][\n]"
[DEBUG]  << "{"code":200,"type":"unknown","message":"rohit"}"
[DEBUG]  << "[\r][\n]"
[DEBUG]  << "0[\r][\n]"
[DEBUG]  << "[\r][\n]"
[DEBUG] Releasing connection org.apache.http.impl.conn.ManagedClientConnectionImpl@110318a7
[DEBUG] Connection can be kept alive indefinitely
{"code":200,"type":"unknown","message":"rohit"}
200
{"code":200,"type":"unknown","message":"rohit"}
1132
Date=Mon, 16 Jan 2023 12:16:52 GMT
Content-Type=application/json
Transfer-Encoding=chunked
Connection=keep-alive
Access-Control-Allow-Origin=*
Access-Control-Allow-Methods=GET, POST, DELETE, PUT
Access-Control-Allow-Headers=Content-Type, api_key, Authorization
Server=Jetty(9.2.9.v20150224)
null
application/json
[DEBUG] Get connection for route {s}->https://petstore.swagger.io:443
[DEBUG] Connecting to petstore.swagger.io:443
[DEBUG] CookieSpec selected: ignoreCookies
[DEBUG] Auth cache not set in the context
[DEBUG] Target auth state: UNCHALLENGED
[DEBUG] Proxy auth state: UNCHALLENGED
[DEBUG] Attempt 1 to execute request
[DEBUG] Sending request: GET /v2/user/rohit HTTP/1.1
[DEBUG]  >> "GET /v2/user/rohit HTTP/1.1[\r][\n]"
[DEBUG]  >> "Accept: */*[\r][\n]"
[DEBUG]  >> "Host: petstore.swagger.io[\r][\n]"
[DEBUG]  >> "Connection: Keep-Alive[\r][\n]"
[DEBUG]  >> "User-Agent: Apache-HttpClient/4.5.3 (Java/11.0.2)[\r][\n]"
[DEBUG]  >> "Accept-Encoding: gzip,deflate[\r][\n]"
[DEBUG]  >> "[\r][\n]"
[DEBUG] >> GET /v2/user/rohit HTTP/1.1
[DEBUG] >> Accept: */*
[DEBUG] >> Host: petstore.swagger.io
[DEBUG] >> Connection: Keep-Alive
[DEBUG] >> User-Agent: Apache-HttpClient/4.5.3 (Java/11.0.2)
[DEBUG] >> Accept-Encoding: gzip,deflate
[DEBUG]  << "HTTP/1.1 404 Not Found[\r][\n]"
[DEBUG]  << "Date: Mon, 16 Jan 2023 12:16:53 GMT[\r][\n]"
[DEBUG]  << "Content-Type: application/json[\r][\n]"
[DEBUG]  << "Transfer-Encoding: chunked[\r][\n]"
[DEBUG]  << "Connection: keep-alive[\r][\n]"
[DEBUG]  << "Access-Control-Allow-Origin: *[\r][\n]"
[DEBUG]  << "Access-Control-Allow-Methods: GET, POST, DELETE, PUT[\r][\n]"
[DEBUG]  << "Access-Control-Allow-Headers: Content-Type, api_key, Authorization[\r][\n]"
[DEBUG]  << "Server: Jetty(9.2.9.v20150224)[\r][\n]"
[DEBUG]  << "[\r][\n]"
[DEBUG] Receiving response: HTTP/1.1 404 Not Found
[DEBUG] << HTTP/1.1 404 Not Found
[DEBUG] << Date: Mon, 16 Jan 2023 12:16:53 GMT
[DEBUG] << Content-Type: application/json
[DEBUG] << Transfer-Encoding: chunked
[DEBUG] << Connection: keep-alive
[DEBUG] << Access-Control-Allow-Origin: *
[DEBUG] << Access-Control-Allow-Methods: GET, POST, DELETE, PUT
[DEBUG] << Access-Control-Allow-Headers: Content-Type, api_key, Authorization
[DEBUG] << Server: Jetty(9.2.9.v20150224)
[DEBUG] Connection can be kept alive indefinitely
[DEBUG] Parsing response as: application/json
[DEBUG] Parsed data to instance of: class org.apache.http.conn.EofSensorInputStream
]]></system-out>
  </testcase>
</testsuite>