<?xml version="1.0" encoding="UTF-8"?>
<testng-results ignored="0" total="8" passed="8" failed="0" skipped="0">
  <reporter-output>
  </reporter-output>
  <suite started-at="2023-01-16T17:46:11 IST" name="Surefire suite" finished-at="2023-01-16T17:46:53 IST" duration-ms="42507">
    <groups>
      <group name="cucumber">
        <method signature="AbstractTestNGCucumberTests.runScenario(io.cucumber.testng.PickleWrapper,io.cucumber.testng.FeatureWrapper)[pri:0, instance:com.spritecloud.testRunner.TestRun@5fbdfdcf]" name="runScenario" class="io.cucumber.testng.AbstractTestNGCucumberTests"/>
      </group> <!-- cucumber -->
    </groups>
    <test started-at="2023-01-16T17:46:11 IST" name="Surefire test" finished-at="2023-01-16T17:46:53 IST" duration-ms="42507">
      <class name="com.spritecloud.testRunner.UserOperationsRun">
        <test-method signature="createUser()[pri:1, instance:com.spritecloud.testRunner.UserOperationsRun@73e22a3d]" started-at="2023-01-16T17:46:44 IST" name="createUser" finished-at="2023-01-16T17:46:46 IST" duration-ms="2277" status="PASS">
          <reporter-output>
          </reporter-output>
        </test-method> <!-- createUser -->
        <test-method signature="getUser01()[pri:2, instance:com.spritecloud.testRunner.UserOperationsRun@73e22a3d]" started-at="2023-01-16T17:46:46 IST" name="getUser01" finished-at="2023-01-16T17:46:48 IST" duration-ms="1167" status="PASS">
          <reporter-output>
          </reporter-output>
        </test-method> <!-- getUser01 -->
        <test-method signature="getUser02()[pri:3, instance:com.spritecloud.testRunner.UserOperationsRun@73e22a3d]" started-at="2023-01-16T17:46:48 IST" name="getUser02" finished-at="2023-01-16T17:46:49 IST" duration-ms="1468" status="PASS">
          <reporter-output>
          </reporter-output>
        </test-method> <!-- getUser02 -->
        <test-method signature="updateUser()[pri:4, instance:com.spritecloud.testRunner.UserOperationsRun@73e22a3d]" started-at="2023-01-16T17:46:49 IST" name="updateUser" finished-at="2023-01-16T17:46:50 IST" duration-ms="1210" status="PASS">
          <reporter-output>
          </reporter-output>
        </test-method> <!-- updateUser -->
        <test-method signature="deleteUser()[pri:5, instance:com.spritecloud.testRunner.UserOperationsRun@73e22a3d]" started-at="2023-01-16T17:46:50 IST" name="deleteUser" finished-at="2023-01-16T17:46:53 IST" duration-ms="2928" status="PASS">
          <reporter-output>
          </reporter-output>
        </test-method> <!-- deleteUser -->
      </class> <!-- com.spritecloud.testRunner.UserOperationsRun -->
      <class name="com.spritecloud.testRunner.TestRun">
        <test-method is-config="true" signature="setUpClass(org.testng.ITestContext)[pri:0, instance:com.spritecloud.testRunner.TestRun@5fbdfdcf]" started-at="2023-01-16T17:46:11 IST" name="setUpClass" finished-at="2023-01-16T17:46:11 IST" duration-ms="592" status="PASS">
          <params>
            <param index="0">
              <value>
                <![CDATA[org.testng.TestRunner@15c3585]]>
              </value>
            </param>
          </params>
          <reporter-output>
          </reporter-output>
        </test-method> <!-- setUpClass -->
        <test-method signature="runScenario(io.cucumber.testng.PickleWrapper,io.cucumber.testng.FeatureWrapper)[pri:0, instance:com.spritecloud.testRunner.TestRun@5fbdfdcf]" started-at="2023-01-16T17:46:11 IST" name="runScenario" description="Runs Cucumber Scenarios" data-provider="scenarios" finished-at="2023-01-16T17:46:18 IST" duration-ms="7157" status="PASS">
          <params>
            <param index="0">
              <value>
                <![CDATA["Verify the Dynamic ID functionality of Application"]]>
              </value>
            </param>
            <param index="1">
              <value>
                <![CDATA["Automating UI Automation Playground"]]>
              </value>
            </param>
          </params>
          <reporter-output>
          </reporter-output>
        </test-method> <!-- runScenario -->
        <test-method signature="runScenario(io.cucumber.testng.PickleWrapper,io.cucumber.testng.FeatureWrapper)[pri:0, instance:com.spritecloud.testRunner.TestRun@5fbdfdcf]" started-at="2023-01-16T17:46:18 IST" name="runScenario" description="Runs Cucumber Scenarios" data-provider="scenarios" finished-at="2023-01-16T17:46:23 IST" duration-ms="4641" status="PASS">
          <params>
            <param index="0">
              <value>
                <![CDATA["Verify the Dynamic Web Table functionality of Application"]]>
              </value>
            </param>
            <param index="1">
              <value>
                <![CDATA["Automating UI Automation Playground"]]>
              </value>
            </param>
          </params>
          <reporter-output>
          </reporter-output>
        </test-method> <!-- runScenario -->
        <test-method signature="runScenario(io.cucumber.testng.PickleWrapper,io.cucumber.testng.FeatureWrapper)[pri:0, instance:com.spritecloud.testRunner.TestRun@5fbdfdcf]" started-at="2023-01-16T17:46:23 IST" name="runScenario" description="Runs Cucumber Scenarios" data-provider="scenarios" finished-at="2023-01-16T17:46:44 IST" duration-ms="20925" status="PASS">
          <params>
            <param index="0">
              <value>
                <![CDATA["Verify the Client Side Delay functionality of Application"]]>
              </value>
            </param>
            <param index="1">
              <value>
                <![CDATA["Automating UI Automation Playground"]]>
              </value>
            </param>
          </params>
          <reporter-output>
          </reporter-output>
        </test-method> <!-- runScenario -->
        <test-method is-config="true" signature="tearDownClass()[pri:0, instance:com.spritecloud.testRunner.TestRun@5fbdfdcf]" started-at="2023-01-16T17:46:44 IST" name="tearDownClass" finished-at="2023-01-16T17:46:44 IST" duration-ms="102" status="PASS">
          <reporter-output>
          </reporter-output>
        </test-method> <!-- tearDownClass -->
      </class> <!-- com.spritecloud.testRunner.TestRun -->
    </test> <!-- Surefire test -->
  </suite> <!-- Surefire suite -->
</testng-results>
