<?xml version="1.0" encoding="UTF-8"?>
<testng-results ignored="0" total="8" passed="8" failed="0" skipped="0">
  <reporter-output>
  </reporter-output>
  <suite started-at="2023-01-16T17:48:15 IST" name="Suite" finished-at="2023-01-16T17:48:52 IST" duration-ms="37269">
    <groups>
      <group name="cucumber">
        <method signature="AbstractTestNGCucumberTests.runScenario(io.cucumber.testng.PickleWrapper,io.cucumber.testng.FeatureWrapper)[pri:0, instance:com.spritecloud.testRunner.TestRun@35dab4eb]" name="runScenario" class="io.cucumber.testng.AbstractTestNGCucumberTests"/>
      </group> <!-- cucumber -->
    </groups>
    <test started-at="2023-01-16T17:48:15 IST" name="Test" finished-at="2023-01-16T17:48:52 IST" duration-ms="37269">
      <class name="com.spritecloud.testRunner.UserOperationsRun">
        <test-method signature="createUser()[pri:1, instance:com.spritecloud.testRunner.UserOperationsRun@2cf3d63b]" started-at="2023-01-16T17:48:15 IST" name="createUser" finished-at="2023-01-16T17:48:17 IST" duration-ms="2527" status="PASS">
          <reporter-output>
          </reporter-output>
        </test-method> <!-- createUser -->
        <test-method signature="getUser01()[pri:2, instance:com.spritecloud.testRunner.UserOperationsRun@2cf3d63b]" started-at="2023-01-16T17:48:17 IST" name="getUser01" finished-at="2023-01-16T17:48:19 IST" duration-ms="1135" status="PASS">
          <reporter-output>
          </reporter-output>
        </test-method> <!-- getUser01 -->
        <test-method signature="getUser02()[pri:3, instance:com.spritecloud.testRunner.UserOperationsRun@2cf3d63b]" started-at="2023-01-16T17:48:19 IST" name="getUser02" finished-at="2023-01-16T17:48:20 IST" duration-ms="1373" status="PASS">
          <reporter-output>
          </reporter-output>
        </test-method> <!-- getUser02 -->
        <test-method signature="updateUser()[pri:4, instance:com.spritecloud.testRunner.UserOperationsRun@2cf3d63b]" started-at="2023-01-16T17:48:20 IST" name="updateUser" finished-at="2023-01-16T17:48:21 IST" duration-ms="1102" status="PASS">
          <reporter-output>
          </reporter-output>
        </test-method> <!-- updateUser -->
        <test-method signature="deleteUser()[pri:5, instance:com.spritecloud.testRunner.UserOperationsRun@2cf3d63b]" started-at="2023-01-16T17:48:21 IST" name="deleteUser" finished-at="2023-01-16T17:48:23 IST" duration-ms="2208" status="PASS">
          <reporter-output>
          </reporter-output>
        </test-method> <!-- deleteUser -->
      </class> <!-- com.spritecloud.testRunner.UserOperationsRun -->
      <class name="com.spritecloud.testRunner.TestRun">
        <test-method is-config="true" signature="setUpClass(org.testng.ITestContext)[pri:0, instance:com.spritecloud.testRunner.TestRun@35dab4eb]" started-at="2023-01-16T17:48:23 IST" name="setUpClass" finished-at="2023-01-16T17:48:24 IST" duration-ms="424" status="PASS">
          <params>
            <param index="0">
              <value>
                <![CDATA[org.testng.TestRunner@4a013b23]]>
              </value>
            </param>
          </params>
          <reporter-output>
          </reporter-output>
        </test-method> <!-- setUpClass -->
        <test-method signature="runScenario(io.cucumber.testng.PickleWrapper,io.cucumber.testng.FeatureWrapper)[pri:0, instance:com.spritecloud.testRunner.TestRun@35dab4eb]" started-at="2023-01-16T17:48:24 IST" name="runScenario" description="Runs Cucumber Scenarios" data-provider="scenarios" finished-at="2023-01-16T17:48:30 IST" duration-ms="6572" status="PASS">
          <params>
            <param index="0">
              <value>
                <![CDATA["Verify the Dynamic ID functionality of Application"]]>
              </value>
            </param>
            <param index="1">
              <value>
                <![CDATA["Automating UI Automation Playground"]]>
              </value>
            </param>
          </params>
          <reporter-output>
          </reporter-output>
        </test-method> <!-- runScenario -->
        <test-method signature="runScenario(io.cucumber.testng.PickleWrapper,io.cucumber.testng.FeatureWrapper)[pri:0, instance:com.spritecloud.testRunner.TestRun@35dab4eb]" started-at="2023-01-16T17:48:30 IST" name="runScenario" description="Runs Cucumber Scenarios" data-provider="scenarios" finished-at="2023-01-16T17:48:34 IST" duration-ms="3501" status="PASS">
          <params>
            <param index="0">
              <value>
                <![CDATA["Verify the Dynamic Web Table functionality of Application"]]>
              </value>
            </param>
            <param index="1">
              <value>
                <![CDATA["Automating UI Automation Playground"]]>
              </value>
            </param>
          </params>
          <reporter-output>
          </reporter-output>
        </test-method> <!-- runScenario -->
        <test-method signature="runScenario(io.cucumber.testng.PickleWrapper,io.cucumber.testng.FeatureWrapper)[pri:0, instance:com.spritecloud.testRunner.TestRun@35dab4eb]" started-at="2023-01-16T17:48:34 IST" name="runScenario" description="Runs Cucumber Scenarios" data-provider="scenarios" finished-at="2023-01-16T17:48:52 IST" duration-ms="18280" status="PASS">
          <params>
            <param index="0">
              <value>
                <![CDATA["Verify the Client Side Delay functionality of Application"]]>
              </value>
            </param>
            <param index="1">
              <value>
                <![CDATA["Automating UI Automation Playground"]]>
              </value>
            </param>
          </params>
          <reporter-output>
          </reporter-output>
        </test-method> <!-- runScenario -->
        <test-method is-config="true" signature="tearDownClass()[pri:0, instance:com.spritecloud.testRunner.TestRun@35dab4eb]" started-at="2023-01-16T17:48:52 IST" name="tearDownClass" finished-at="2023-01-16T17:48:52 IST" duration-ms="102" status="PASS">
          <reporter-output>
          </reporter-output>
        </test-method> <!-- tearDownClass -->
      </class> <!-- com.spritecloud.testRunner.TestRun -->
    </test> <!-- Test -->
  </suite> <!-- Suite -->
</testng-results>
